[2024-05-01 15:35:40] local.INFO: {"messaging_product":"whatsapp","contacts":[{"input":"556299297031","wa_id":"556299297031"}],"messages":[{"id":"wamid.HBgMNTU2Mjk5Mjk3MDMxFQIAERgSNDFFQjJBRDFDODY3QzhEMjdEAA=="}]}  
[2024-05-01 15:35:42] local.INFO: {"messaging_product":"whatsapp","contacts":[{"input":"556296646164","wa_id":"556296646164"}],"messages":[{"id":"wamid.HBgMNTU2Mjk2NjQ2MTY0FQIAERgSM0I0MEY3RjlFQUY1NjNDNzg3AA=="}]}  
[2024-05-01 15:35:43] local.INFO: {"messaging_product":"whatsapp","contacts":[{"input":"556294123173","wa_id":"556294123173"}],"messages":[{"id":"wamid.HBgMNTU2Mjk0MTIzMTczFQIAERgSQzk2MUIzNDBCNkZGQTQyNkYyAA=="}]}  
[2024-05-01 15:36:59] local.INFO: {"messaging_product":"whatsapp","contacts":[{"input":"556299297031","wa_id":"556299297031"}],"messages":[{"id":"wamid.HBgMNTU2Mjk5Mjk3MDMxFQIAERgSRDYxNzc4RDAyQzM3MDg4REZCAA=="}]}  
[2024-05-01 15:37:03] local.INFO: {"messaging_product":"whatsapp","contacts":[{"input":"556296646164","wa_id":"556296646164"}],"messages":[{"id":"wamid.HBgMNTU2Mjk2NjQ2MTY0FQIAERgSRTU3MzYxMTM0MjVEQTA3QjFBAA=="}]}  
[2024-05-01 15:37:04] local.INFO: {"messaging_product":"whatsapp","contacts":[{"input":"556294123173","wa_id":"556294123173"}],"messages":[{"id":"wamid.HBgMNTU2Mjk0MTIzMTczFQIAERgSRDg5Qjg2NEI0RjlDRjY1M0NBAA=="}]}  
[2024-05-02 22:50:54] local.INFO: {"messaging_product":"whatsapp","contacts":[{"input":"556299297031","wa_id":"556299297031"}],"messages":[{"id":"wamid.HBgMNTU2Mjk5Mjk3MDMxFQIAERgSRUNDREUzMDIyREQ5NjM3QjcwAA=="}]}  
[2024-05-02 22:50:56] local.INFO: {"messaging_product":"whatsapp","contacts":[{"input":"556296646164","wa_id":"556296646164"}],"messages":[{"id":"wamid.HBgMNTU2Mjk2NjQ2MTY0FQIAERgSQUIxRUVGMjQ5NzIwRThGNEQwAA=="}]}  
[2024-05-02 22:50:58] local.INFO: {"messaging_product":"whatsapp","contacts":[{"input":"556294123173","wa_id":"556294123173"}],"messages":[{"id":"wamid.HBgMNTU2Mjk0MTIzMTczFQIAERgSN0ZENjc4QUI0QzkxREE3ODMxAA=="}]}  
[2024-05-05 17:40:22] local.ERROR: SQLSTATE[HY000] [2002] Nenhuma conexão pôde ser feita porque a máquina de destino as recusou ativamente (Connection: mysql, SQL: select * from `sessions` where `id` = cZEeDduqtk9zV0FszarWgs6jLyvVq5GW0c5HBCEW limit 1) {"exception":"[object] (Illuminate\\Database\\QueryException(code: 2002): SQLSTATE[HY000] [2002] Nenhuma conexão pôde ser feita porque a máquina de destino as recusou ativamente (Connection: mysql, SQL: select * from `sessions` where `id` = cZEeDduqtk9zV0FszarWgs6jLyvVq5GW0c5HBCEW limit 1) at C:\\Estudos e projetos\\Laravel\\laravel-10-app\\vendor\\laravel\\framework\\src\\Illuminate\\Database\\Connection.php:813)
[stacktrace]
#0 C:\\Estudos e projetos\\Laravel\\laravel-10-app\\vendor\\laravel\\framework\\src\\Illuminate\\Database\\Connection.php(767): Illuminate\\Database\\Connection->runQueryCallback('select * from `...', Array, Object(Closure))
#1 C:\\Estudos e projetos\\Laravel\\laravel-10-app\\vendor\\laravel\\framework\\src\\Illuminate\\Database\\Connection.php(398): Illuminate\\Database\\Connection->run('select * from `...', Array, Object(Closure))
#2 C:\\Estudos e projetos\\Laravel\\laravel-10-app\\vendor\\laravel\\framework\\src\\Illuminate\\Database\\Query\\Builder.php(2934): Illuminate\\Database\\Connection->select('select * from `...', Array, true)
#3 C:\\Estudos e projetos\\Laravel\\laravel-10-app\\vendor\\laravel\\framework\\src\\Illuminate\\Database\\Query\\Builder.php(2919): Illuminate\\Database\\Query\\Builder->runSelect()
#4 C:\\Estudos e projetos\\Laravel\\laravel-10-app\\vendor\\laravel\\framework\\src\\Illuminate\\Database\\Query\\Builder.php(3507): Illuminate\\Database\\Query\\Builder->Illuminate\\Database\\Query\\{closure}()
#5 C:\\Estudos e projetos\\Laravel\\laravel-10-app\\vendor\\laravel\\framework\\src\\Illuminate\\Database\\Query\\Builder.php(2918): Illuminate\\Database\\Query\\Builder->onceWithColumns(Array, Object(Closure))
#6 C:\\Estudos e projetos\\Laravel\\laravel-10-app\\vendor\\laravel\\framework\\src\\Illuminate\\Database\\Concerns\\BuildsQueries.php(335): Illuminate\\Database\\Query\\Builder->get(Array)
#7 C:\\Estudos e projetos\\Laravel\\laravel-10-app\\vendor\\laravel\\framework\\src\\Illuminate\\Database\\Query\\Builder.php(2841): Illuminate\\Database\\Query\\Builder->first(Array)
#8 C:\\Estudos e projetos\\Laravel\\laravel-10-app\\vendor\\laravel\\framework\\src\\Illuminate\\Session\\DatabaseSessionHandler.php(97): Illuminate\\Database\\Query\\Builder->find('cZEeDduqtk9zV0F...')
#9 C:\\Estudos e projetos\\Laravel\\laravel-10-app\\vendor\\laravel\\framework\\src\\Illuminate\\Session\\Store.php(113): Illuminate\\Session\\DatabaseSessionHandler->read('cZEeDduqtk9zV0F...')
#10 C:\\Estudos e projetos\\Laravel\\laravel-10-app\\vendor\\laravel\\framework\\src\\Illuminate\\Session\\Store.php(101): Illuminate\\Session\\Store->readFromHandler()
#11 C:\\Estudos e projetos\\Laravel\\laravel-10-app\\vendor\\laravel\\framework\\src\\Illuminate\\Session\\Store.php(85): Illuminate\\Session\\Store->loadSession()
#12 C:\\Estudos e projetos\\Laravel\\laravel-10-app\\vendor\\laravel\\framework\\src\\Illuminate\\Session\\Middleware\\StartSession.php(147): Illuminate\\Session\\Store->start()
#13 C:\\Estudos e projetos\\Laravel\\laravel-10-app\\vendor\\laravel\\framework\\src\\Illuminate\\Support\\helpers.php(359): Illuminate\\Session\\Middleware\\StartSession->Illuminate\\Session\\Middleware\\{closure}(Object(Illuminate\\Session\\Store))
#14 C:\\Estudos e projetos\\Laravel\\laravel-10-app\\vendor\\laravel\\framework\\src\\Illuminate\\Session\\Middleware\\StartSession.php(144): tap(Object(Illuminate\\Session\\Store), Object(Closure))
#15 C:\\Estudos e projetos\\Laravel\\laravel-10-app\\vendor\\laravel\\framework\\src\\Illuminate\\Session\\Middleware\\StartSession.php(116): Illuminate\\Session\\Middleware\\StartSession->startSession(Object(Illuminate\\Http\\Request), Object(Illuminate\\Session\\Store))
#16 C:\\Estudos e projetos\\Laravel\\laravel-10-app\\vendor\\laravel\\framework\\src\\Illuminate\\Session\\Middleware\\StartSession.php(64): Illuminate\\Session\\Middleware\\StartSession->handleStatefulRequest(Object(Illuminate\\Http\\Request), Object(Illuminate\\Session\\Store), Object(Closure))
#17 C:\\Estudos e projetos\\Laravel\\laravel-10-app\\vendor\\laravel\\framework\\src\\Illuminate\\Pipeline\\Pipeline.php(183): Illuminate\\Session\\Middleware\\StartSession->handle(Object(Illuminate\\Http\\Request), Object(Closure))
#18 C:\\Estudos e projetos\\Laravel\\laravel-10-app\\vendor\\laravel\\framework\\src\\Illuminate\\Cookie\\Middleware\\AddQueuedCookiesToResponse.php(37): Illuminate\\Pipeline\\Pipeline->Illuminate\\Pipeline\\{closure}(Object(Illuminate\\Http\\Request))
#19 C:\\Estudos e projetos\\Laravel\\laravel-10-app\\vendor\\laravel\\framework\\src\\Illuminate\\Pipeline\\Pipeline.php(183): Illuminate\\Cookie\\Middleware\\AddQueuedCookiesToResponse->handle(Object(Illuminate\\Http\\Request), Object(Closure))
#20 C:\\Estudos e projetos\\Laravel\\laravel-10-app\\vendor\\laravel\\framework\\src\\Illuminate\\Cookie\\Middleware\\EncryptCookies.php(75): Illuminate\\Pipeline\\Pipeline->Illuminate\\Pipeline\\{closure}(Object(Illuminate\\Http\\Request))
#21 C:\\Estudos e projetos\\Laravel\\laravel-10-app\\vendor\\laravel\\framework\\src\\Illuminate\\Pipeline\\Pipeline.php(183): Illuminate\\Cookie\\Middleware\\EncryptCookies->handle(Object(Illuminate\\Http\\Request), Object(Closure))
#22 C:\\Estudos e projetos\\Laravel\\laravel-10-app\\vendor\\laravel\\framework\\src\\Illuminate\\Pipeline\\Pipeline.php(119): Illuminate\\Pipeline\\Pipeline->Illuminate\\Pipeline\\{closure}(Object(Illuminate\\Http\\Request))
#23 C:\\Estudos e projetos\\Laravel\\laravel-10-app\\vendor\\laravel\\framework\\src\\Illuminate\\Routing\\Router.php(805): Illuminate\\Pipeline\\Pipeline->then(Object(Closure))
#24 C:\\Estudos e projetos\\Laravel\\laravel-10-app\\vendor\\laravel\\framework\\src\\Illuminate\\Routing\\Router.php(784): Illuminate\\Routing\\Router->runRouteWithinStack(Object(Illuminate\\Routing\\Route), Object(Illuminate\\Http\\Request))
#25 C:\\Estudos e projetos\\Laravel\\laravel-10-app\\vendor\\laravel\\framework\\src\\Illuminate\\Routing\\Router.php(748): Illuminate\\Routing\\Router->runRoute(Object(Illuminate\\Http\\Request), Object(Illuminate\\Routing\\Route))
#26 C:\\Estudos e projetos\\Laravel\\laravel-10-app\\vendor\\laravel\\framework\\src\\Illuminate\\Routing\\Router.php(737): Illuminate\\Routing\\Router->dispatchToRoute(Object(Illuminate\\Http\\Request))
#27 C:\\Estudos e projetos\\Laravel\\laravel-10-app\\vendor\\laravel\\framework\\src\\Illuminate\\Foundation\\Http\\Kernel.php(200): Illuminate\\Routing\\Router->dispatch(Object(Illuminate\\Http\\Request))
#28 C:\\Estudos e projetos\\Laravel\\laravel-10-app\\vendor\\laravel\\framework\\src\\Illuminate\\Pipeline\\Pipeline.php(144): Illuminate\\Foundation\\Http\\Kernel->Illuminate\\Foundation\\Http\\{closure}(Object(Illuminate\\Http\\Request))
#29 C:\\Estudos e projetos\\Laravel\\laravel-10-app\\vendor\\livewire\\livewire\\src\\Features\\SupportDisablingBackButtonCache\\DisableBackButtonCacheMiddleware.php(19): Illuminate\\Pipeline\\Pipeline->Illuminate\\Pipeline\\{closure}(Object(Illuminate\\Http\\Request))
#30 C:\\Estudos e projetos\\Laravel\\laravel-10-app\\vendor\\laravel\\framework\\src\\Illuminate\\Pipeline\\Pipeline.php(183): Livewire\\Features\\SupportDisablingBackButtonCache\\DisableBackButtonCacheMiddleware->handle(Object(Illuminate\\Http\\Request), Object(Closure))
#31 C:\\Estudos e projetos\\Laravel\\laravel-10-app\\vendor\\laravel\\framework\\src\\Illuminate\\Foundation\\Http\\Middleware\\TransformsRequest.php(21): Illuminate\\Pipeline\\Pipeline->Illuminate\\Pipeline\\{closure}(Object(Illuminate\\Http\\Request))
#32 C:\\Estudos e projetos\\Laravel\\laravel-10-app\\vendor\\laravel\\framework\\src\\Illuminate\\Foundation\\Http\\Middleware\\ConvertEmptyStringsToNull.php(31): Illuminate\\Foundation\\Http\\Middleware\\TransformsRequest->handle(Object(Illuminate\\Http\\Request), Object(Closure))
#33 C:\\Estudos e projetos\\Laravel\\laravel-10-app\\vendor\\laravel\\framework\\src\\Illuminate\\Pipeline\\Pipeline.php(183): Illuminate\\Foundation\\Http\\Middleware\\ConvertEmptyStringsToNull->handle(Object(Illuminate\\Http\\Request), Object(Closure))
#34 C:\\Estudos e projetos\\Laravel\\laravel-10-app\\vendor\\laravel\\framework\\src\\Illuminate\\Foundation\\Http\\Middleware\\TransformsRequest.php(21): Illuminate\\Pipeline\\Pipeline->Illuminate\\Pipeline\\{closure}(Object(Illuminate\\Http\\Request))
#35 C:\\Estudos e projetos\\Laravel\\laravel-10-app\\vendor\\laravel\\framework\\src\\Illuminate\\Foundation\\Http\\Middleware\\TrimStrings.php(51): Illuminate\\Foundation\\Http\\Middleware\\TransformsRequest->handle(Object(Illuminate\\Http\\Request), Object(Closure))
#36 C:\\Estudos e projetos\\Laravel\\laravel-10-app\\vendor\\laravel\\framework\\src\\Illuminate\\Pipeline\\Pipeline.php(183): Illuminate\\Foundation\\Http\\Middleware\\TrimStrings->handle(Object(Illuminate\\Http\\Request), Object(Closure))
#37 C:\\Estudos e projetos\\Laravel\\laravel-10-app\\vendor\\laravel\\framework\\src\\Illuminate\\Http\\Middleware\\ValidatePostSize.php(27): Illuminate\\Pipeline\\Pipeline->Illuminate\\Pipeline\\{closure}(Object(Illuminate\\Http\\Request))
#38 C:\\Estudos e projetos\\Laravel\\laravel-10-app\\vendor\\laravel\\framework\\src\\Illuminate\\Pipeline\\Pipeline.php(183): Illuminate\\Http\\Middleware\\ValidatePostSize->handle(Object(Illuminate\\Http\\Request), Object(Closure))
#39 C:\\Estudos e projetos\\Laravel\\laravel-10-app\\vendor\\laravel\\framework\\src\\Illuminate\\Foundation\\Http\\Middleware\\PreventRequestsDuringMaintenance.php(110): Illuminate\\Pipeline\\Pipeline->Illuminate\\Pipeline\\{closure}(Object(Illuminate\\Http\\Request))
#40 C:\\Estudos e projetos\\Laravel\\laravel-10-app\\vendor\\laravel\\framework\\src\\Illuminate\\Pipeline\\Pipeline.php(183): Illuminate\\Foundation\\Http\\Middleware\\PreventRequestsDuringMaintenance->handle(Object(Illuminate\\Http\\Request), Object(Closure))
#41 C:\\Estudos e projetos\\Laravel\\laravel-10-app\\vendor\\laravel\\framework\\src\\Illuminate\\Http\\Middleware\\HandleCors.php(49): Illuminate\\Pipeline\\Pipeline->Illuminate\\Pipeline\\{closure}(Object(Illuminate\\Http\\Request))
#42 C:\\Estudos e projetos\\Laravel\\laravel-10-app\\vendor\\laravel\\framework\\src\\Illuminate\\Pipeline\\Pipeline.php(183): Illuminate\\Http\\Middleware\\HandleCors->handle(Object(Illuminate\\Http\\Request), Object(Closure))
#43 C:\\Estudos e projetos\\Laravel\\laravel-10-app\\vendor\\laravel\\framework\\src\\Illuminate\\Http\\Middleware\\TrustProxies.php(57): Illuminate\\Pipeline\\Pipeline->Illuminate\\Pipeline\\{closure}(Object(Illuminate\\Http\\Request))
#44 C:\\Estudos e projetos\\Laravel\\laravel-10-app\\vendor\\laravel\\framework\\src\\Illuminate\\Pipeline\\Pipeline.php(183): Illuminate\\Http\\Middleware\\TrustProxies->handle(Object(Illuminate\\Http\\Request), Object(Closure))
#45 C:\\Estudos e projetos\\Laravel\\laravel-10-app\\vendor\\laravel\\framework\\src\\Illuminate\\Pipeline\\Pipeline.php(119): Illuminate\\Pipeline\\Pipeline->Illuminate\\Pipeline\\{closure}(Object(Illuminate\\Http\\Request))
#46 C:\\Estudos e projetos\\Laravel\\laravel-10-app\\vendor\\laravel\\framework\\src\\Illuminate\\Foundation\\Http\\Kernel.php(175): Illuminate\\Pipeline\\Pipeline->then(Object(Closure))
#47 C:\\Estudos e projetos\\Laravel\\laravel-10-app\\vendor\\laravel\\framework\\src\\Illuminate\\Foundation\\Http\\Kernel.php(144): Illuminate\\Foundation\\Http\\Kernel->sendRequestThroughRouter(Object(Illuminate\\Http\\Request))
#48 C:\\Estudos e projetos\\Laravel\\laravel-10-app\\vendor\\laravel\\framework\\src\\Illuminate\\Foundation\\Application.php(1168): Illuminate\\Foundation\\Http\\Kernel->handle(Object(Illuminate\\Http\\Request))
#49 C:\\Estudos e projetos\\Laravel\\laravel-10-app\\public\\index.php(17): Illuminate\\Foundation\\Application->handleRequest(Object(Illuminate\\Http\\Request))
#50 C:\\Estudos e projetos\\Laravel\\laravel-10-app\\vendor\\laravel\\framework\\src\\Illuminate\\Foundation\\resources\\server.php(16): require_once('C:\\\\Estudos e pr...')
#51 {main}

[previous exception] [object] (PDOException(code: 2002): SQLSTATE[HY000] [2002] Nenhuma conexão pôde ser feita porque a máquina de destino as recusou ativamente at C:\\Estudos e projetos\\Laravel\\laravel-10-app\\vendor\\laravel\\framework\\src\\Illuminate\\Database\\Connectors\\Connector.php:65)
[stacktrace]
#0 C:\\Estudos e projetos\\Laravel\\laravel-10-app\\vendor\\laravel\\framework\\src\\Illuminate\\Database\\Connectors\\Connector.php(65): PDO->__construct('mysql:host=127....', 'root', Object(SensitiveParameterValue), Array)
#1 C:\\Estudos e projetos\\Laravel\\laravel-10-app\\vendor\\laravel\\framework\\src\\Illuminate\\Database\\Connectors\\Connector.php(44): Illuminate\\Database\\Connectors\\Connector->createPdoConnection('mysql:host=127....', 'root', '', Array)
#2 C:\\Estudos e projetos\\Laravel\\laravel-10-app\\vendor\\laravel\\framework\\src\\Illuminate\\Database\\Connectors\\MySqlConnector.php(24): Illuminate\\Database\\Connectors\\Connector->createConnection('mysql:host=127....', Array, Array)
#3 C:\\Estudos e projetos\\Laravel\\laravel-10-app\\vendor\\laravel\\framework\\src\\Illuminate\\Database\\Connectors\\ConnectionFactory.php(185): Illuminate\\Database\\Connectors\\MySqlConnector->connect(Array)
#4 [internal function]: Illuminate\\Database\\Connectors\\ConnectionFactory->Illuminate\\Database\\Connectors\\{closure}()
#5 C:\\Estudos e projetos\\Laravel\\laravel-10-app\\vendor\\laravel\\framework\\src\\Illuminate\\Database\\Connection.php(1219): call_user_func(Object(Closure))
#6 C:\\Estudos e projetos\\Laravel\\laravel-10-app\\vendor\\laravel\\framework\\src\\Illuminate\\Database\\Connection.php(1255): Illuminate\\Database\\Connection->getPdo()
#7 C:\\Estudos e projetos\\Laravel\\laravel-10-app\\vendor\\laravel\\framework\\src\\Illuminate\\Database\\Connection.php(512): Illuminate\\Database\\Connection->getReadPdo()
#8 C:\\Estudos e projetos\\Laravel\\laravel-10-app\\vendor\\laravel\\framework\\src\\Illuminate\\Database\\Connection.php(407): Illuminate\\Database\\Connection->getPdoForSelect(true)
#9 C:\\Estudos e projetos\\Laravel\\laravel-10-app\\vendor\\laravel\\framework\\src\\Illuminate\\Database\\Connection.php(800): Illuminate\\Database\\Connection->Illuminate\\Database\\{closure}('select * from `...', Array)
#10 C:\\Estudos e projetos\\Laravel\\laravel-10-app\\vendor\\laravel\\framework\\src\\Illuminate\\Database\\Connection.php(767): Illuminate\\Database\\Connection->runQueryCallback('select * from `...', Array, Object(Closure))
#11 C:\\Estudos e projetos\\Laravel\\laravel-10-app\\vendor\\laravel\\framework\\src\\Illuminate\\Database\\Connection.php(398): Illuminate\\Database\\Connection->run('select * from `...', Array, Object(Closure))
#12 C:\\Estudos e projetos\\Laravel\\laravel-10-app\\vendor\\laravel\\framework\\src\\Illuminate\\Database\\Query\\Builder.php(2934): Illuminate\\Database\\Connection->select('select * from `...', Array, true)
#13 C:\\Estudos e projetos\\Laravel\\laravel-10-app\\vendor\\laravel\\framework\\src\\Illuminate\\Database\\Query\\Builder.php(2919): Illuminate\\Database\\Query\\Builder->runSelect()
#14 C:\\Estudos e projetos\\Laravel\\laravel-10-app\\vendor\\laravel\\framework\\src\\Illuminate\\Database\\Query\\Builder.php(3507): Illuminate\\Database\\Query\\Builder->Illuminate\\Database\\Query\\{closure}()
#15 C:\\Estudos e projetos\\Laravel\\laravel-10-app\\vendor\\laravel\\framework\\src\\Illuminate\\Database\\Query\\Builder.php(2918): Illuminate\\Database\\Query\\Builder->onceWithColumns(Array, Object(Closure))
#16 C:\\Estudos e projetos\\Laravel\\laravel-10-app\\vendor\\laravel\\framework\\src\\Illuminate\\Database\\Concerns\\BuildsQueries.php(335): Illuminate\\Database\\Query\\Builder->get(Array)
#17 C:\\Estudos e projetos\\Laravel\\laravel-10-app\\vendor\\laravel\\framework\\src\\Illuminate\\Database\\Query\\Builder.php(2841): Illuminate\\Database\\Query\\Builder->first(Array)
#18 C:\\Estudos e projetos\\Laravel\\laravel-10-app\\vendor\\laravel\\framework\\src\\Illuminate\\Session\\DatabaseSessionHandler.php(97): Illuminate\\Database\\Query\\Builder->find('cZEeDduqtk9zV0F...')
#19 C:\\Estudos e projetos\\Laravel\\laravel-10-app\\vendor\\laravel\\framework\\src\\Illuminate\\Session\\Store.php(113): Illuminate\\Session\\DatabaseSessionHandler->read('cZEeDduqtk9zV0F...')
#20 C:\\Estudos e projetos\\Laravel\\laravel-10-app\\vendor\\laravel\\framework\\src\\Illuminate\\Session\\Store.php(101): Illuminate\\Session\\Store->readFromHandler()
#21 C:\\Estudos e projetos\\Laravel\\laravel-10-app\\vendor\\laravel\\framework\\src\\Illuminate\\Session\\Store.php(85): Illuminate\\Session\\Store->loadSession()
#22 C:\\Estudos e projetos\\Laravel\\laravel-10-app\\vendor\\laravel\\framework\\src\\Illuminate\\Session\\Middleware\\StartSession.php(147): Illuminate\\Session\\Store->start()
#23 C:\\Estudos e projetos\\Laravel\\laravel-10-app\\vendor\\laravel\\framework\\src\\Illuminate\\Support\\helpers.php(359): Illuminate\\Session\\Middleware\\StartSession->Illuminate\\Session\\Middleware\\{closure}(Object(Illuminate\\Session\\Store))
#24 C:\\Estudos e projetos\\Laravel\\laravel-10-app\\vendor\\laravel\\framework\\src\\Illuminate\\Session\\Middleware\\StartSession.php(144): tap(Object(Illuminate\\Session\\Store), Object(Closure))
#25 C:\\Estudos e projetos\\Laravel\\laravel-10-app\\vendor\\laravel\\framework\\src\\Illuminate\\Session\\Middleware\\StartSession.php(116): Illuminate\\Session\\Middleware\\StartSession->startSession(Object(Illuminate\\Http\\Request), Object(Illuminate\\Session\\Store))
#26 C:\\Estudos e projetos\\Laravel\\laravel-10-app\\vendor\\laravel\\framework\\src\\Illuminate\\Session\\Middleware\\StartSession.php(64): Illuminate\\Session\\Middleware\\StartSession->handleStatefulRequest(Object(Illuminate\\Http\\Request), Object(Illuminate\\Session\\Store), Object(Closure))
#27 C:\\Estudos e projetos\\Laravel\\laravel-10-app\\vendor\\laravel\\framework\\src\\Illuminate\\Pipeline\\Pipeline.php(183): Illuminate\\Session\\Middleware\\StartSession->handle(Object(Illuminate\\Http\\Request), Object(Closure))
#28 C:\\Estudos e projetos\\Laravel\\laravel-10-app\\vendor\\laravel\\framework\\src\\Illuminate\\Cookie\\Middleware\\AddQueuedCookiesToResponse.php(37): Illuminate\\Pipeline\\Pipeline->Illuminate\\Pipeline\\{closure}(Object(Illuminate\\Http\\Request))
#29 C:\\Estudos e projetos\\Laravel\\laravel-10-app\\vendor\\laravel\\framework\\src\\Illuminate\\Pipeline\\Pipeline.php(183): Illuminate\\Cookie\\Middleware\\AddQueuedCookiesToResponse->handle(Object(Illuminate\\Http\\Request), Object(Closure))
#30 C:\\Estudos e projetos\\Laravel\\laravel-10-app\\vendor\\laravel\\framework\\src\\Illuminate\\Cookie\\Middleware\\EncryptCookies.php(75): Illuminate\\Pipeline\\Pipeline->Illuminate\\Pipeline\\{closure}(Object(Illuminate\\Http\\Request))
#31 C:\\Estudos e projetos\\Laravel\\laravel-10-app\\vendor\\laravel\\framework\\src\\Illuminate\\Pipeline\\Pipeline.php(183): Illuminate\\Cookie\\Middleware\\EncryptCookies->handle(Object(Illuminate\\Http\\Request), Object(Closure))
#32 C:\\Estudos e projetos\\Laravel\\laravel-10-app\\vendor\\laravel\\framework\\src\\Illuminate\\Pipeline\\Pipeline.php(119): Illuminate\\Pipeline\\Pipeline->Illuminate\\Pipeline\\{closure}(Object(Illuminate\\Http\\Request))
#33 C:\\Estudos e projetos\\Laravel\\laravel-10-app\\vendor\\laravel\\framework\\src\\Illuminate\\Routing\\Router.php(805): Illuminate\\Pipeline\\Pipeline->then(Object(Closure))
#34 C:\\Estudos e projetos\\Laravel\\laravel-10-app\\vendor\\laravel\\framework\\src\\Illuminate\\Routing\\Router.php(784): Illuminate\\Routing\\Router->runRouteWithinStack(Object(Illuminate\\Routing\\Route), Object(Illuminate\\Http\\Request))
#35 C:\\Estudos e projetos\\Laravel\\laravel-10-app\\vendor\\laravel\\framework\\src\\Illuminate\\Routing\\Router.php(748): Illuminate\\Routing\\Router->runRoute(Object(Illuminate\\Http\\Request), Object(Illuminate\\Routing\\Route))
#36 C:\\Estudos e projetos\\Laravel\\laravel-10-app\\vendor\\laravel\\framework\\src\\Illuminate\\Routing\\Router.php(737): Illuminate\\Routing\\Router->dispatchToRoute(Object(Illuminate\\Http\\Request))
#37 C:\\Estudos e projetos\\Laravel\\laravel-10-app\\vendor\\laravel\\framework\\src\\Illuminate\\Foundation\\Http\\Kernel.php(200): Illuminate\\Routing\\Router->dispatch(Object(Illuminate\\Http\\Request))
#38 C:\\Estudos e projetos\\Laravel\\laravel-10-app\\vendor\\laravel\\framework\\src\\Illuminate\\Pipeline\\Pipeline.php(144): Illuminate\\Foundation\\Http\\Kernel->Illuminate\\Foundation\\Http\\{closure}(Object(Illuminate\\Http\\Request))
#39 C:\\Estudos e projetos\\Laravel\\laravel-10-app\\vendor\\livewire\\livewire\\src\\Features\\SupportDisablingBackButtonCache\\DisableBackButtonCacheMiddleware.php(19): Illuminate\\Pipeline\\Pipeline->Illuminate\\Pipeline\\{closure}(Object(Illuminate\\Http\\Request))
#40 C:\\Estudos e projetos\\Laravel\\laravel-10-app\\vendor\\laravel\\framework\\src\\Illuminate\\Pipeline\\Pipeline.php(183): Livewire\\Features\\SupportDisablingBackButtonCache\\DisableBackButtonCacheMiddleware->handle(Object(Illuminate\\Http\\Request), Object(Closure))
#41 C:\\Estudos e projetos\\Laravel\\laravel-10-app\\vendor\\laravel\\framework\\src\\Illuminate\\Foundation\\Http\\Middleware\\TransformsRequest.php(21): Illuminate\\Pipeline\\Pipeline->Illuminate\\Pipeline\\{closure}(Object(Illuminate\\Http\\Request))
#42 C:\\Estudos e projetos\\Laravel\\laravel-10-app\\vendor\\laravel\\framework\\src\\Illuminate\\Foundation\\Http\\Middleware\\ConvertEmptyStringsToNull.php(31): Illuminate\\Foundation\\Http\\Middleware\\TransformsRequest->handle(Object(Illuminate\\Http\\Request), Object(Closure))
#43 C:\\Estudos e projetos\\Laravel\\laravel-10-app\\vendor\\laravel\\framework\\src\\Illuminate\\Pipeline\\Pipeline.php(183): Illuminate\\Foundation\\Http\\Middleware\\ConvertEmptyStringsToNull->handle(Object(Illuminate\\Http\\Request), Object(Closure))
#44 C:\\Estudos e projetos\\Laravel\\laravel-10-app\\vendor\\laravel\\framework\\src\\Illuminate\\Foundation\\Http\\Middleware\\TransformsRequest.php(21): Illuminate\\Pipeline\\Pipeline->Illuminate\\Pipeline\\{closure}(Object(Illuminate\\Http\\Request))
#45 C:\\Estudos e projetos\\Laravel\\laravel-10-app\\vendor\\laravel\\framework\\src\\Illuminate\\Foundation\\Http\\Middleware\\TrimStrings.php(51): Illuminate\\Foundation\\Http\\Middleware\\TransformsRequest->handle(Object(Illuminate\\Http\\Request), Object(Closure))
#46 C:\\Estudos e projetos\\Laravel\\laravel-10-app\\vendor\\laravel\\framework\\src\\Illuminate\\Pipeline\\Pipeline.php(183): Illuminate\\Foundation\\Http\\Middleware\\TrimStrings->handle(Object(Illuminate\\Http\\Request), Object(Closure))
#47 C:\\Estudos e projetos\\Laravel\\laravel-10-app\\vendor\\laravel\\framework\\src\\Illuminate\\Http\\Middleware\\ValidatePostSize.php(27): Illuminate\\Pipeline\\Pipeline->Illuminate\\Pipeline\\{closure}(Object(Illuminate\\Http\\Request))
#48 C:\\Estudos e projetos\\Laravel\\laravel-10-app\\vendor\\laravel\\framework\\src\\Illuminate\\Pipeline\\Pipeline.php(183): Illuminate\\Http\\Middleware\\ValidatePostSize->handle(Object(Illuminate\\Http\\Request), Object(Closure))
#49 C:\\Estudos e projetos\\Laravel\\laravel-10-app\\vendor\\laravel\\framework\\src\\Illuminate\\Foundation\\Http\\Middleware\\PreventRequestsDuringMaintenance.php(110): Illuminate\\Pipeline\\Pipeline->Illuminate\\Pipeline\\{closure}(Object(Illuminate\\Http\\Request))
#50 C:\\Estudos e projetos\\Laravel\\laravel-10-app\\vendor\\laravel\\framework\\src\\Illuminate\\Pipeline\\Pipeline.php(183): Illuminate\\Foundation\\Http\\Middleware\\PreventRequestsDuringMaintenance->handle(Object(Illuminate\\Http\\Request), Object(Closure))
#51 C:\\Estudos e projetos\\Laravel\\laravel-10-app\\vendor\\laravel\\framework\\src\\Illuminate\\Http\\Middleware\\HandleCors.php(49): Illuminate\\Pipeline\\Pipeline->Illuminate\\Pipeline\\{closure}(Object(Illuminate\\Http\\Request))
#52 C:\\Estudos e projetos\\Laravel\\laravel-10-app\\vendor\\laravel\\framework\\src\\Illuminate\\Pipeline\\Pipeline.php(183): Illuminate\\Http\\Middleware\\HandleCors->handle(Object(Illuminate\\Http\\Request), Object(Closure))
#53 C:\\Estudos e projetos\\Laravel\\laravel-10-app\\vendor\\laravel\\framework\\src\\Illuminate\\Http\\Middleware\\TrustProxies.php(57): Illuminate\\Pipeline\\Pipeline->Illuminate\\Pipeline\\{closure}(Object(Illuminate\\Http\\Request))
#54 C:\\Estudos e projetos\\Laravel\\laravel-10-app\\vendor\\laravel\\framework\\src\\Illuminate\\Pipeline\\Pipeline.php(183): Illuminate\\Http\\Middleware\\TrustProxies->handle(Object(Illuminate\\Http\\Request), Object(Closure))
#55 C:\\Estudos e projetos\\Laravel\\laravel-10-app\\vendor\\laravel\\framework\\src\\Illuminate\\Pipeline\\Pipeline.php(119): Illuminate\\Pipeline\\Pipeline->Illuminate\\Pipeline\\{closure}(Object(Illuminate\\Http\\Request))
#56 C:\\Estudos e projetos\\Laravel\\laravel-10-app\\vendor\\laravel\\framework\\src\\Illuminate\\Foundation\\Http\\Kernel.php(175): Illuminate\\Pipeline\\Pipeline->then(Object(Closure))
#57 C:\\Estudos e projetos\\Laravel\\laravel-10-app\\vendor\\laravel\\framework\\src\\Illuminate\\Foundation\\Http\\Kernel.php(144): Illuminate\\Foundation\\Http\\Kernel->sendRequestThroughRouter(Object(Illuminate\\Http\\Request))
#58 C:\\Estudos e projetos\\Laravel\\laravel-10-app\\vendor\\laravel\\framework\\src\\Illuminate\\Foundation\\Application.php(1168): Illuminate\\Foundation\\Http\\Kernel->handle(Object(Illuminate\\Http\\Request))
#59 C:\\Estudos e projetos\\Laravel\\laravel-10-app\\public\\index.php(17): Illuminate\\Foundation\\Application->handleRequest(Object(Illuminate\\Http\\Request))
#60 C:\\Estudos e projetos\\Laravel\\laravel-10-app\\vendor\\laravel\\framework\\src\\Illuminate\\Foundation\\resources\\server.php(16): require_once('C:\\\\Estudos e pr...')
#61 {main}
"} 
[2024-05-05 18:20:31] local.ERROR: syntax error, unexpected variable "$flag" {"exception":"[object] (ParseError(code: 0): syntax error, unexpected variable \"$flag\" at C:\\Estudos e projetos\\Laravel\\laravel-10-app\\app\\Console\\Commands\\SendEmail.php:107)
[stacktrace]
#0 C:\\Estudos e projetos\\Laravel\\laravel-10-app\\vendor\\composer\\ClassLoader.php(433): Composer\\Autoload\\{closure}('C:\\\\Estudos e pr...')
#1 [internal function]: Composer\\Autoload\\ClassLoader->loadClass('App\\\\Console\\\\Com...')
#2 C:\\Estudos e projetos\\Laravel\\laravel-10-app\\vendor\\laravel\\framework\\src\\Illuminate\\Foundation\\Console\\Kernel.php(369): is_subclass_of('App\\\\Console\\\\Com...', 'Illuminate\\\\Cons...')
#3 C:\\Estudos e projetos\\Laravel\\laravel-10-app\\vendor\\laravel\\framework\\src\\Illuminate\\Foundation\\Console\\Kernel.php(494): Illuminate\\Foundation\\Console\\Kernel->load(Array)
#4 C:\\Estudos e projetos\\Laravel\\laravel-10-app\\vendor\\laravel\\framework\\src\\Illuminate\\Foundation\\Console\\Kernel.php(479): Illuminate\\Foundation\\Console\\Kernel->discoverCommands()
#5 C:\\Estudos e projetos\\Laravel\\laravel-10-app\\vendor\\laravel\\framework\\src\\Illuminate\\Foundation\\Console\\Kernel.php(194): Illuminate\\Foundation\\Console\\Kernel->bootstrap()
#6 Command line code(1): Illuminate\\Foundation\\Console\\Kernel->handle(Object(Symfony\\Component\\Console\\Input\\ArgvInput), Object(Symfony\\Component\\Console\\Output\\ConsoleOutput))
#7 {main}
"} 
[2024-05-05 18:20:45] local.ERROR: syntax error, unexpected variable "$flag" {"exception":"[object] (ParseError(code: 0): syntax error, unexpected variable \"$flag\" at C:\\Estudos e projetos\\Laravel\\laravel-10-app\\app\\Console\\Commands\\SendEmail.php:107)
[stacktrace]
#0 C:\\Estudos e projetos\\Laravel\\laravel-10-app\\vendor\\composer\\ClassLoader.php(433): Composer\\Autoload\\{closure}('C:\\\\Estudos e pr...')
#1 [internal function]: Composer\\Autoload\\ClassLoader->loadClass('App\\\\Console\\\\Com...')
#2 C:\\Estudos e projetos\\Laravel\\laravel-10-app\\vendor\\laravel\\framework\\src\\Illuminate\\Foundation\\Console\\Kernel.php(369): is_subclass_of('App\\\\Console\\\\Com...', 'Illuminate\\\\Cons...')
#3 C:\\Estudos e projetos\\Laravel\\laravel-10-app\\vendor\\laravel\\framework\\src\\Illuminate\\Foundation\\Console\\Kernel.php(494): Illuminate\\Foundation\\Console\\Kernel->load(Array)
#4 C:\\Estudos e projetos\\Laravel\\laravel-10-app\\vendor\\laravel\\framework\\src\\Illuminate\\Foundation\\Console\\Kernel.php(479): Illuminate\\Foundation\\Console\\Kernel->discoverCommands()
#5 C:\\Estudos e projetos\\Laravel\\laravel-10-app\\vendor\\laravel\\framework\\src\\Illuminate\\Foundation\\Console\\Kernel.php(194): Illuminate\\Foundation\\Console\\Kernel->bootstrap()
#6 Command line code(1): Illuminate\\Foundation\\Console\\Kernel->handle(Object(Symfony\\Component\\Console\\Input\\ArgvInput), Object(Symfony\\Component\\Console\\Output\\ConsoleOutput))
#7 {main}
"} 
[2024-05-05 18:20:45] local.ERROR: syntax error, unexpected variable "$flag" {"exception":"[object] (ParseError(code: 0): syntax error, unexpected variable \"$flag\" at C:\\Estudos e projetos\\Laravel\\laravel-10-app\\app\\Console\\Commands\\SendEmail.php:107)
[stacktrace]
#0 C:\\Estudos e projetos\\Laravel\\laravel-10-app\\vendor\\composer\\ClassLoader.php(433): Composer\\Autoload\\{closure}('C:\\\\Estudos e pr...')
#1 [internal function]: Composer\\Autoload\\ClassLoader->loadClass('App\\\\Console\\\\Com...')
#2 C:\\Estudos e projetos\\Laravel\\laravel-10-app\\vendor\\laravel\\framework\\src\\Illuminate\\Foundation\\Console\\Kernel.php(369): is_subclass_of('App\\\\Console\\\\Com...', 'Illuminate\\\\Cons...')
#3 C:\\Estudos e projetos\\Laravel\\laravel-10-app\\vendor\\laravel\\framework\\src\\Illuminate\\Foundation\\Console\\Kernel.php(494): Illuminate\\Foundation\\Console\\Kernel->load(Array)
#4 C:\\Estudos e projetos\\Laravel\\laravel-10-app\\vendor\\laravel\\framework\\src\\Illuminate\\Foundation\\Console\\Kernel.php(479): Illuminate\\Foundation\\Console\\Kernel->discoverCommands()
#5 C:\\Estudos e projetos\\Laravel\\laravel-10-app\\vendor\\laravel\\framework\\src\\Illuminate\\Foundation\\Console\\Kernel.php(194): Illuminate\\Foundation\\Console\\Kernel->bootstrap()
#6 Command line code(1): Illuminate\\Foundation\\Console\\Kernel->handle(Object(Symfony\\Component\\Console\\Input\\ArgvInput), Object(Symfony\\Component\\Console\\Output\\ConsoleOutput))
#7 {main}
"} 
[2024-05-05 18:20:46] local.ERROR: syntax error, unexpected variable "$flag" {"exception":"[object] (ParseError(code: 0): syntax error, unexpected variable \"$flag\" at C:\\Estudos e projetos\\Laravel\\laravel-10-app\\app\\Console\\Commands\\SendEmail.php:107)
[stacktrace]
#0 C:\\Estudos e projetos\\Laravel\\laravel-10-app\\vendor\\composer\\ClassLoader.php(433): Composer\\Autoload\\{closure}('C:\\\\Estudos e pr...')
#1 [internal function]: Composer\\Autoload\\ClassLoader->loadClass('App\\\\Console\\\\Com...')
#2 C:\\Estudos e projetos\\Laravel\\laravel-10-app\\vendor\\laravel\\framework\\src\\Illuminate\\Foundation\\Console\\Kernel.php(369): is_subclass_of('App\\\\Console\\\\Com...', 'Illuminate\\\\Cons...')
#3 C:\\Estudos e projetos\\Laravel\\laravel-10-app\\vendor\\laravel\\framework\\src\\Illuminate\\Foundation\\Console\\Kernel.php(494): Illuminate\\Foundation\\Console\\Kernel->load(Array)
#4 C:\\Estudos e projetos\\Laravel\\laravel-10-app\\vendor\\laravel\\framework\\src\\Illuminate\\Foundation\\Console\\Kernel.php(479): Illuminate\\Foundation\\Console\\Kernel->discoverCommands()
#5 C:\\Estudos e projetos\\Laravel\\laravel-10-app\\vendor\\laravel\\framework\\src\\Illuminate\\Foundation\\Console\\Kernel.php(194): Illuminate\\Foundation\\Console\\Kernel->bootstrap()
#6 Command line code(1): Illuminate\\Foundation\\Console\\Kernel->handle(Object(Symfony\\Component\\Console\\Input\\ArgvInput), Object(Symfony\\Component\\Console\\Output\\ConsoleOutput))
#7 {main}
"} 
[2024-05-05 18:20:58] local.ERROR: syntax error, unexpected variable "$flag" {"exception":"[object] (ParseError(code: 0): syntax error, unexpected variable \"$flag\" at C:\\Estudos e projetos\\Laravel\\laravel-10-app\\app\\Console\\Commands\\SendEmail.php:107)
[stacktrace]
#0 C:\\Estudos e projetos\\Laravel\\laravel-10-app\\vendor\\composer\\ClassLoader.php(433): Composer\\Autoload\\{closure}('C:\\\\Estudos e pr...')
#1 [internal function]: Composer\\Autoload\\ClassLoader->loadClass('App\\\\Console\\\\Com...')
#2 C:\\Estudos e projetos\\Laravel\\laravel-10-app\\vendor\\laravel\\framework\\src\\Illuminate\\Foundation\\Console\\Kernel.php(369): is_subclass_of('App\\\\Console\\\\Com...', 'Illuminate\\\\Cons...')
#3 C:\\Estudos e projetos\\Laravel\\laravel-10-app\\vendor\\laravel\\framework\\src\\Illuminate\\Foundation\\Console\\Kernel.php(494): Illuminate\\Foundation\\Console\\Kernel->load(Array)
#4 C:\\Estudos e projetos\\Laravel\\laravel-10-app\\vendor\\laravel\\framework\\src\\Illuminate\\Foundation\\Console\\Kernel.php(479): Illuminate\\Foundation\\Console\\Kernel->discoverCommands()
#5 C:\\Estudos e projetos\\Laravel\\laravel-10-app\\vendor\\laravel\\framework\\src\\Illuminate\\Foundation\\Console\\Kernel.php(194): Illuminate\\Foundation\\Console\\Kernel->bootstrap()
#6 Command line code(1): Illuminate\\Foundation\\Console\\Kernel->handle(Object(Symfony\\Component\\Console\\Input\\ArgvInput), Object(Symfony\\Component\\Console\\Output\\ConsoleOutput))
#7 {main}
"} 
[2024-05-05 18:21:11] local.ERROR: syntax error, unexpected variable "$flag" {"exception":"[object] (ParseError(code: 0): syntax error, unexpected variable \"$flag\" at C:\\Estudos e projetos\\Laravel\\laravel-10-app\\app\\Console\\Commands\\SendEmail.php:107)
[stacktrace]
#0 C:\\Estudos e projetos\\Laravel\\laravel-10-app\\vendor\\composer\\ClassLoader.php(433): Composer\\Autoload\\{closure}('C:\\\\Estudos e pr...')
#1 [internal function]: Composer\\Autoload\\ClassLoader->loadClass('App\\\\Console\\\\Com...')
#2 C:\\Estudos e projetos\\Laravel\\laravel-10-app\\vendor\\laravel\\framework\\src\\Illuminate\\Foundation\\Console\\Kernel.php(369): is_subclass_of('App\\\\Console\\\\Com...', 'Illuminate\\\\Cons...')
#3 C:\\Estudos e projetos\\Laravel\\laravel-10-app\\vendor\\laravel\\framework\\src\\Illuminate\\Foundation\\Console\\Kernel.php(494): Illuminate\\Foundation\\Console\\Kernel->load(Array)
#4 C:\\Estudos e projetos\\Laravel\\laravel-10-app\\vendor\\laravel\\framework\\src\\Illuminate\\Foundation\\Console\\Kernel.php(479): Illuminate\\Foundation\\Console\\Kernel->discoverCommands()
#5 C:\\Estudos e projetos\\Laravel\\laravel-10-app\\vendor\\laravel\\framework\\src\\Illuminate\\Foundation\\Console\\Kernel.php(194): Illuminate\\Foundation\\Console\\Kernel->bootstrap()
#6 Command line code(1): Illuminate\\Foundation\\Console\\Kernel->handle(Object(Symfony\\Component\\Console\\Input\\ArgvInput), Object(Symfony\\Component\\Console\\Output\\ConsoleOutput))
#7 {main}
"} 
[2024-05-05 18:21:24] local.ERROR: syntax error, unexpected variable "$flag" {"exception":"[object] (ParseError(code: 0): syntax error, unexpected variable \"$flag\" at C:\\Estudos e projetos\\Laravel\\laravel-10-app\\app\\Console\\Commands\\SendEmail.php:107)
[stacktrace]
#0 C:\\Estudos e projetos\\Laravel\\laravel-10-app\\vendor\\composer\\ClassLoader.php(433): Composer\\Autoload\\{closure}('C:\\\\Estudos e pr...')
#1 [internal function]: Composer\\Autoload\\ClassLoader->loadClass('App\\\\Console\\\\Com...')
#2 C:\\Estudos e projetos\\Laravel\\laravel-10-app\\vendor\\laravel\\framework\\src\\Illuminate\\Foundation\\Console\\Kernel.php(369): is_subclass_of('App\\\\Console\\\\Com...', 'Illuminate\\\\Cons...')
#3 C:\\Estudos e projetos\\Laravel\\laravel-10-app\\vendor\\laravel\\framework\\src\\Illuminate\\Foundation\\Console\\Kernel.php(494): Illuminate\\Foundation\\Console\\Kernel->load(Array)
#4 C:\\Estudos e projetos\\Laravel\\laravel-10-app\\vendor\\laravel\\framework\\src\\Illuminate\\Foundation\\Console\\Kernel.php(479): Illuminate\\Foundation\\Console\\Kernel->discoverCommands()
#5 C:\\Estudos e projetos\\Laravel\\laravel-10-app\\vendor\\laravel\\framework\\src\\Illuminate\\Foundation\\Console\\Kernel.php(194): Illuminate\\Foundation\\Console\\Kernel->bootstrap()
#6 Command line code(1): Illuminate\\Foundation\\Console\\Kernel->handle(Object(Symfony\\Component\\Console\\Input\\ArgvInput), Object(Symfony\\Component\\Console\\Output\\ConsoleOutput))
#7 {main}
"} 
[2024-05-05 18:21:37] local.ERROR: syntax error, unexpected variable "$flag" {"exception":"[object] (ParseError(code: 0): syntax error, unexpected variable \"$flag\" at C:\\Estudos e projetos\\Laravel\\laravel-10-app\\app\\Console\\Commands\\SendEmail.php:107)
[stacktrace]
#0 C:\\Estudos e projetos\\Laravel\\laravel-10-app\\vendor\\composer\\ClassLoader.php(433): Composer\\Autoload\\{closure}('C:\\\\Estudos e pr...')
#1 [internal function]: Composer\\Autoload\\ClassLoader->loadClass('App\\\\Console\\\\Com...')
#2 C:\\Estudos e projetos\\Laravel\\laravel-10-app\\vendor\\laravel\\framework\\src\\Illuminate\\Foundation\\Console\\Kernel.php(369): is_subclass_of('App\\\\Console\\\\Com...', 'Illuminate\\\\Cons...')
#3 C:\\Estudos e projetos\\Laravel\\laravel-10-app\\vendor\\laravel\\framework\\src\\Illuminate\\Foundation\\Console\\Kernel.php(494): Illuminate\\Foundation\\Console\\Kernel->load(Array)
#4 C:\\Estudos e projetos\\Laravel\\laravel-10-app\\vendor\\laravel\\framework\\src\\Illuminate\\Foundation\\Console\\Kernel.php(479): Illuminate\\Foundation\\Console\\Kernel->discoverCommands()
#5 C:\\Estudos e projetos\\Laravel\\laravel-10-app\\vendor\\laravel\\framework\\src\\Illuminate\\Foundation\\Console\\Kernel.php(194): Illuminate\\Foundation\\Console\\Kernel->bootstrap()
#6 Command line code(1): Illuminate\\Foundation\\Console\\Kernel->handle(Object(Symfony\\Component\\Console\\Input\\ArgvInput), Object(Symfony\\Component\\Console\\Output\\ConsoleOutput))
#7 {main}
"} 
[2024-05-05 18:21:45] local.ERROR: syntax error, unexpected variable "$flag" {"exception":"[object] (ParseError(code: 0): syntax error, unexpected variable \"$flag\" at C:\\Estudos e projetos\\Laravel\\laravel-10-app\\app\\Console\\Commands\\SendEmail.php:107)
[stacktrace]
#0 C:\\Estudos e projetos\\Laravel\\laravel-10-app\\vendor\\composer\\ClassLoader.php(433): Composer\\Autoload\\{closure}('C:\\\\Estudos e pr...')
#1 [internal function]: Composer\\Autoload\\ClassLoader->loadClass('App\\\\Console\\\\Com...')
#2 C:\\Estudos e projetos\\Laravel\\laravel-10-app\\vendor\\laravel\\framework\\src\\Illuminate\\Foundation\\Console\\Kernel.php(369): is_subclass_of('App\\\\Console\\\\Com...', 'Illuminate\\\\Cons...')
#3 C:\\Estudos e projetos\\Laravel\\laravel-10-app\\vendor\\laravel\\framework\\src\\Illuminate\\Foundation\\Console\\Kernel.php(494): Illuminate\\Foundation\\Console\\Kernel->load(Array)
#4 C:\\Estudos e projetos\\Laravel\\laravel-10-app\\vendor\\laravel\\framework\\src\\Illuminate\\Foundation\\Console\\Kernel.php(479): Illuminate\\Foundation\\Console\\Kernel->discoverCommands()
#5 C:\\Estudos e projetos\\Laravel\\laravel-10-app\\vendor\\laravel\\framework\\src\\Illuminate\\Foundation\\Console\\Kernel.php(194): Illuminate\\Foundation\\Console\\Kernel->bootstrap()
#6 Command line code(1): Illuminate\\Foundation\\Console\\Kernel->handle(Object(Symfony\\Component\\Console\\Input\\ArgvInput), Object(Symfony\\Component\\Console\\Output\\ConsoleOutput))
#7 {main}
"} 
[2024-05-05 18:21:45] local.ERROR: syntax error, unexpected variable "$flag" {"exception":"[object] (ParseError(code: 0): syntax error, unexpected variable \"$flag\" at C:\\Estudos e projetos\\Laravel\\laravel-10-app\\app\\Console\\Commands\\SendEmail.php:107)
[stacktrace]
#0 C:\\Estudos e projetos\\Laravel\\laravel-10-app\\vendor\\composer\\ClassLoader.php(433): Composer\\Autoload\\{closure}('C:\\\\Estudos e pr...')
#1 [internal function]: Composer\\Autoload\\ClassLoader->loadClass('App\\\\Console\\\\Com...')
#2 C:\\Estudos e projetos\\Laravel\\laravel-10-app\\vendor\\laravel\\framework\\src\\Illuminate\\Foundation\\Console\\Kernel.php(369): is_subclass_of('App\\\\Console\\\\Com...', 'Illuminate\\\\Cons...')
#3 C:\\Estudos e projetos\\Laravel\\laravel-10-app\\vendor\\laravel\\framework\\src\\Illuminate\\Foundation\\Console\\Kernel.php(494): Illuminate\\Foundation\\Console\\Kernel->load(Array)
#4 C:\\Estudos e projetos\\Laravel\\laravel-10-app\\vendor\\laravel\\framework\\src\\Illuminate\\Foundation\\Console\\Kernel.php(479): Illuminate\\Foundation\\Console\\Kernel->discoverCommands()
#5 C:\\Estudos e projetos\\Laravel\\laravel-10-app\\vendor\\laravel\\framework\\src\\Illuminate\\Foundation\\Console\\Kernel.php(194): Illuminate\\Foundation\\Console\\Kernel->bootstrap()
#6 Command line code(1): Illuminate\\Foundation\\Console\\Kernel->handle(Object(Symfony\\Component\\Console\\Input\\ArgvInput), Object(Symfony\\Component\\Console\\Output\\ConsoleOutput))
#7 {main}
"} 
[2024-05-05 18:21:50] local.ERROR: syntax error, unexpected variable "$flag" {"exception":"[object] (ParseError(code: 0): syntax error, unexpected variable \"$flag\" at C:\\Estudos e projetos\\Laravel\\laravel-10-app\\app\\Console\\Commands\\SendEmail.php:107)
[stacktrace]
#0 C:\\Estudos e projetos\\Laravel\\laravel-10-app\\vendor\\composer\\ClassLoader.php(433): Composer\\Autoload\\{closure}('C:\\\\Estudos e pr...')
#1 [internal function]: Composer\\Autoload\\ClassLoader->loadClass('App\\\\Console\\\\Com...')
#2 C:\\Estudos e projetos\\Laravel\\laravel-10-app\\vendor\\laravel\\framework\\src\\Illuminate\\Foundation\\Console\\Kernel.php(369): is_subclass_of('App\\\\Console\\\\Com...', 'Illuminate\\\\Cons...')
#3 C:\\Estudos e projetos\\Laravel\\laravel-10-app\\vendor\\laravel\\framework\\src\\Illuminate\\Foundation\\Console\\Kernel.php(494): Illuminate\\Foundation\\Console\\Kernel->load(Array)
#4 C:\\Estudos e projetos\\Laravel\\laravel-10-app\\vendor\\laravel\\framework\\src\\Illuminate\\Foundation\\Console\\Kernel.php(479): Illuminate\\Foundation\\Console\\Kernel->discoverCommands()
#5 C:\\Estudos e projetos\\Laravel\\laravel-10-app\\vendor\\laravel\\framework\\src\\Illuminate\\Foundation\\Console\\Kernel.php(194): Illuminate\\Foundation\\Console\\Kernel->bootstrap()
#6 Command line code(1): Illuminate\\Foundation\\Console\\Kernel->handle(Object(Symfony\\Component\\Console\\Input\\ArgvInput), Object(Symfony\\Component\\Console\\Output\\ConsoleOutput))
#7 {main}
"} 
[2024-05-05 18:22:45] local.ERROR: syntax error, unexpected variable "$flag" {"exception":"[object] (ParseError(code: 0): syntax error, unexpected variable \"$flag\" at C:\\Estudos e projetos\\Laravel\\laravel-10-app\\app\\Console\\Commands\\SendEmail.php:107)
[stacktrace]
#0 C:\\Estudos e projetos\\Laravel\\laravel-10-app\\vendor\\composer\\ClassLoader.php(433): Composer\\Autoload\\{closure}('C:\\\\Estudos e pr...')
#1 [internal function]: Composer\\Autoload\\ClassLoader->loadClass('App\\\\Console\\\\Com...')
#2 C:\\Estudos e projetos\\Laravel\\laravel-10-app\\vendor\\laravel\\framework\\src\\Illuminate\\Foundation\\Console\\Kernel.php(369): is_subclass_of('App\\\\Console\\\\Com...', 'Illuminate\\\\Cons...')
#3 C:\\Estudos e projetos\\Laravel\\laravel-10-app\\vendor\\laravel\\framework\\src\\Illuminate\\Foundation\\Console\\Kernel.php(494): Illuminate\\Foundation\\Console\\Kernel->load(Array)
#4 C:\\Estudos e projetos\\Laravel\\laravel-10-app\\vendor\\laravel\\framework\\src\\Illuminate\\Foundation\\Console\\Kernel.php(479): Illuminate\\Foundation\\Console\\Kernel->discoverCommands()
#5 C:\\Estudos e projetos\\Laravel\\laravel-10-app\\vendor\\laravel\\framework\\src\\Illuminate\\Foundation\\Console\\Kernel.php(194): Illuminate\\Foundation\\Console\\Kernel->bootstrap()
#6 Command line code(1): Illuminate\\Foundation\\Console\\Kernel->handle(Object(Symfony\\Component\\Console\\Input\\ArgvInput), Object(Symfony\\Component\\Console\\Output\\ConsoleOutput))
#7 {main}
"} 
[2024-05-05 18:22:45] local.ERROR: syntax error, unexpected variable "$flag" {"exception":"[object] (ParseError(code: 0): syntax error, unexpected variable \"$flag\" at C:\\Estudos e projetos\\Laravel\\laravel-10-app\\app\\Console\\Commands\\SendEmail.php:107)
[stacktrace]
#0 C:\\Estudos e projetos\\Laravel\\laravel-10-app\\vendor\\composer\\ClassLoader.php(433): Composer\\Autoload\\{closure}('C:\\\\Estudos e pr...')
#1 [internal function]: Composer\\Autoload\\ClassLoader->loadClass('App\\\\Console\\\\Com...')
#2 C:\\Estudos e projetos\\Laravel\\laravel-10-app\\vendor\\laravel\\framework\\src\\Illuminate\\Foundation\\Console\\Kernel.php(369): is_subclass_of('App\\\\Console\\\\Com...', 'Illuminate\\\\Cons...')
#3 C:\\Estudos e projetos\\Laravel\\laravel-10-app\\vendor\\laravel\\framework\\src\\Illuminate\\Foundation\\Console\\Kernel.php(494): Illuminate\\Foundation\\Console\\Kernel->load(Array)
#4 C:\\Estudos e projetos\\Laravel\\laravel-10-app\\vendor\\laravel\\framework\\src\\Illuminate\\Foundation\\Console\\Kernel.php(479): Illuminate\\Foundation\\Console\\Kernel->discoverCommands()
#5 C:\\Estudos e projetos\\Laravel\\laravel-10-app\\vendor\\laravel\\framework\\src\\Illuminate\\Foundation\\Console\\Kernel.php(194): Illuminate\\Foundation\\Console\\Kernel->bootstrap()
#6 Command line code(1): Illuminate\\Foundation\\Console\\Kernel->handle(Object(Symfony\\Component\\Console\\Input\\ArgvInput), Object(Symfony\\Component\\Console\\Output\\ConsoleOutput))
#7 {main}
"} 
[2024-05-05 18:23:45] local.ERROR: syntax error, unexpected variable "$flag" {"exception":"[object] (ParseError(code: 0): syntax error, unexpected variable \"$flag\" at C:\\Estudos e projetos\\Laravel\\laravel-10-app\\app\\Console\\Commands\\SendEmail.php:107)
[stacktrace]
#0 C:\\Estudos e projetos\\Laravel\\laravel-10-app\\vendor\\composer\\ClassLoader.php(433): Composer\\Autoload\\{closure}('C:\\\\Estudos e pr...')
#1 [internal function]: Composer\\Autoload\\ClassLoader->loadClass('App\\\\Console\\\\Com...')
#2 C:\\Estudos e projetos\\Laravel\\laravel-10-app\\vendor\\laravel\\framework\\src\\Illuminate\\Foundation\\Console\\Kernel.php(369): is_subclass_of('App\\\\Console\\\\Com...', 'Illuminate\\\\Cons...')
#3 C:\\Estudos e projetos\\Laravel\\laravel-10-app\\vendor\\laravel\\framework\\src\\Illuminate\\Foundation\\Console\\Kernel.php(494): Illuminate\\Foundation\\Console\\Kernel->load(Array)
#4 C:\\Estudos e projetos\\Laravel\\laravel-10-app\\vendor\\laravel\\framework\\src\\Illuminate\\Foundation\\Console\\Kernel.php(479): Illuminate\\Foundation\\Console\\Kernel->discoverCommands()
#5 C:\\Estudos e projetos\\Laravel\\laravel-10-app\\vendor\\laravel\\framework\\src\\Illuminate\\Foundation\\Console\\Kernel.php(194): Illuminate\\Foundation\\Console\\Kernel->bootstrap()
#6 Command line code(1): Illuminate\\Foundation\\Console\\Kernel->handle(Object(Symfony\\Component\\Console\\Input\\ArgvInput), Object(Symfony\\Component\\Console\\Output\\ConsoleOutput))
#7 {main}
"} 
[2024-05-05 18:23:45] local.ERROR: syntax error, unexpected variable "$flag" {"exception":"[object] (ParseError(code: 0): syntax error, unexpected variable \"$flag\" at C:\\Estudos e projetos\\Laravel\\laravel-10-app\\app\\Console\\Commands\\SendEmail.php:107)
[stacktrace]
#0 C:\\Estudos e projetos\\Laravel\\laravel-10-app\\vendor\\composer\\ClassLoader.php(433): Composer\\Autoload\\{closure}('C:\\\\Estudos e pr...')
#1 [internal function]: Composer\\Autoload\\ClassLoader->loadClass('App\\\\Console\\\\Com...')
#2 C:\\Estudos e projetos\\Laravel\\laravel-10-app\\vendor\\laravel\\framework\\src\\Illuminate\\Foundation\\Console\\Kernel.php(369): is_subclass_of('App\\\\Console\\\\Com...', 'Illuminate\\\\Cons...')
#3 C:\\Estudos e projetos\\Laravel\\laravel-10-app\\vendor\\laravel\\framework\\src\\Illuminate\\Foundation\\Console\\Kernel.php(494): Illuminate\\Foundation\\Console\\Kernel->load(Array)
#4 C:\\Estudos e projetos\\Laravel\\laravel-10-app\\vendor\\laravel\\framework\\src\\Illuminate\\Foundation\\Console\\Kernel.php(479): Illuminate\\Foundation\\Console\\Kernel->discoverCommands()
#5 C:\\Estudos e projetos\\Laravel\\laravel-10-app\\vendor\\laravel\\framework\\src\\Illuminate\\Foundation\\Console\\Kernel.php(194): Illuminate\\Foundation\\Console\\Kernel->bootstrap()
#6 Command line code(1): Illuminate\\Foundation\\Console\\Kernel->handle(Object(Symfony\\Component\\Console\\Input\\ArgvInput), Object(Symfony\\Component\\Console\\Output\\ConsoleOutput))
#7 {main}
"} 
[2024-05-05 18:24:45] local.ERROR: syntax error, unexpected variable "$flag" {"exception":"[object] (ParseError(code: 0): syntax error, unexpected variable \"$flag\" at C:\\Estudos e projetos\\Laravel\\laravel-10-app\\app\\Console\\Commands\\SendEmail.php:108)
[stacktrace]
#0 C:\\Estudos e projetos\\Laravel\\laravel-10-app\\vendor\\composer\\ClassLoader.php(433): Composer\\Autoload\\{closure}('C:\\\\Estudos e pr...')
#1 [internal function]: Composer\\Autoload\\ClassLoader->loadClass('App\\\\Console\\\\Com...')
#2 C:\\Estudos e projetos\\Laravel\\laravel-10-app\\vendor\\laravel\\framework\\src\\Illuminate\\Foundation\\Console\\Kernel.php(369): is_subclass_of('App\\\\Console\\\\Com...', 'Illuminate\\\\Cons...')
#3 C:\\Estudos e projetos\\Laravel\\laravel-10-app\\vendor\\laravel\\framework\\src\\Illuminate\\Foundation\\Console\\Kernel.php(494): Illuminate\\Foundation\\Console\\Kernel->load(Array)
#4 C:\\Estudos e projetos\\Laravel\\laravel-10-app\\vendor\\laravel\\framework\\src\\Illuminate\\Foundation\\Console\\Kernel.php(479): Illuminate\\Foundation\\Console\\Kernel->discoverCommands()
#5 C:\\Estudos e projetos\\Laravel\\laravel-10-app\\vendor\\laravel\\framework\\src\\Illuminate\\Foundation\\Console\\Kernel.php(194): Illuminate\\Foundation\\Console\\Kernel->bootstrap()
#6 Command line code(1): Illuminate\\Foundation\\Console\\Kernel->handle(Object(Symfony\\Component\\Console\\Input\\ArgvInput), Object(Symfony\\Component\\Console\\Output\\ConsoleOutput))
#7 {main}
"} 
[2024-05-05 18:24:45] local.ERROR: syntax error, unexpected variable "$flag" {"exception":"[object] (ParseError(code: 0): syntax error, unexpected variable \"$flag\" at C:\\Estudos e projetos\\Laravel\\laravel-10-app\\app\\Console\\Commands\\SendEmail.php:108)
[stacktrace]
#0 C:\\Estudos e projetos\\Laravel\\laravel-10-app\\vendor\\composer\\ClassLoader.php(433): Composer\\Autoload\\{closure}('C:\\\\Estudos e pr...')
#1 [internal function]: Composer\\Autoload\\ClassLoader->loadClass('App\\\\Console\\\\Com...')
#2 C:\\Estudos e projetos\\Laravel\\laravel-10-app\\vendor\\laravel\\framework\\src\\Illuminate\\Foundation\\Console\\Kernel.php(369): is_subclass_of('App\\\\Console\\\\Com...', 'Illuminate\\\\Cons...')
#3 C:\\Estudos e projetos\\Laravel\\laravel-10-app\\vendor\\laravel\\framework\\src\\Illuminate\\Foundation\\Console\\Kernel.php(494): Illuminate\\Foundation\\Console\\Kernel->load(Array)
#4 C:\\Estudos e projetos\\Laravel\\laravel-10-app\\vendor\\laravel\\framework\\src\\Illuminate\\Foundation\\Console\\Kernel.php(479): Illuminate\\Foundation\\Console\\Kernel->discoverCommands()
#5 C:\\Estudos e projetos\\Laravel\\laravel-10-app\\vendor\\laravel\\framework\\src\\Illuminate\\Foundation\\Console\\Kernel.php(194): Illuminate\\Foundation\\Console\\Kernel->bootstrap()
#6 Command line code(1): Illuminate\\Foundation\\Console\\Kernel->handle(Object(Symfony\\Component\\Console\\Input\\ArgvInput), Object(Symfony\\Component\\Console\\Output\\ConsoleOutput))
#7 {main}
"} 
[2024-05-05 18:24:51] local.ERROR: syntax error, unexpected variable "$flag" {"exception":"[object] (ParseError(code: 0): syntax error, unexpected variable \"$flag\" at C:\\Estudos e projetos\\Laravel\\laravel-10-app\\app\\Console\\Commands\\SendEmail.php:108)
[stacktrace]
#0 C:\\Estudos e projetos\\Laravel\\laravel-10-app\\vendor\\composer\\ClassLoader.php(433): Composer\\Autoload\\{closure}('C:\\\\Estudos e pr...')
#1 [internal function]: Composer\\Autoload\\ClassLoader->loadClass('App\\\\Console\\\\Com...')
#2 C:\\Estudos e projetos\\Laravel\\laravel-10-app\\vendor\\laravel\\framework\\src\\Illuminate\\Foundation\\Console\\Kernel.php(369): is_subclass_of('App\\\\Console\\\\Com...', 'Illuminate\\\\Cons...')
#3 C:\\Estudos e projetos\\Laravel\\laravel-10-app\\vendor\\laravel\\framework\\src\\Illuminate\\Foundation\\Console\\Kernel.php(494): Illuminate\\Foundation\\Console\\Kernel->load(Array)
#4 C:\\Estudos e projetos\\Laravel\\laravel-10-app\\vendor\\laravel\\framework\\src\\Illuminate\\Foundation\\Console\\Kernel.php(479): Illuminate\\Foundation\\Console\\Kernel->discoverCommands()
#5 C:\\Estudos e projetos\\Laravel\\laravel-10-app\\vendor\\laravel\\framework\\src\\Illuminate\\Foundation\\Console\\Kernel.php(194): Illuminate\\Foundation\\Console\\Kernel->bootstrap()
#6 Command line code(1): Illuminate\\Foundation\\Console\\Kernel->handle(Object(Symfony\\Component\\Console\\Input\\ArgvInput), Object(Symfony\\Component\\Console\\Output\\ConsoleOutput))
#7 {main}
"} 
[2024-05-05 18:25:45] local.ERROR: syntax error, unexpected variable "$flag" {"exception":"[object] (ParseError(code: 0): syntax error, unexpected variable \"$flag\" at C:\\Estudos e projetos\\Laravel\\laravel-10-app\\app\\Console\\Commands\\SendEmail.php:109)
[stacktrace]
#0 C:\\Estudos e projetos\\Laravel\\laravel-10-app\\vendor\\composer\\ClassLoader.php(433): Composer\\Autoload\\{closure}('C:\\\\Estudos e pr...')
#1 [internal function]: Composer\\Autoload\\ClassLoader->loadClass('App\\\\Console\\\\Com...')
#2 C:\\Estudos e projetos\\Laravel\\laravel-10-app\\vendor\\laravel\\framework\\src\\Illuminate\\Foundation\\Console\\Kernel.php(369): is_subclass_of('App\\\\Console\\\\Com...', 'Illuminate\\\\Cons...')
#3 C:\\Estudos e projetos\\Laravel\\laravel-10-app\\vendor\\laravel\\framework\\src\\Illuminate\\Foundation\\Console\\Kernel.php(494): Illuminate\\Foundation\\Console\\Kernel->load(Array)
#4 C:\\Estudos e projetos\\Laravel\\laravel-10-app\\vendor\\laravel\\framework\\src\\Illuminate\\Foundation\\Console\\Kernel.php(479): Illuminate\\Foundation\\Console\\Kernel->discoverCommands()
#5 C:\\Estudos e projetos\\Laravel\\laravel-10-app\\vendor\\laravel\\framework\\src\\Illuminate\\Foundation\\Console\\Kernel.php(194): Illuminate\\Foundation\\Console\\Kernel->bootstrap()
#6 Command line code(1): Illuminate\\Foundation\\Console\\Kernel->handle(Object(Symfony\\Component\\Console\\Input\\ArgvInput), Object(Symfony\\Component\\Console\\Output\\ConsoleOutput))
#7 {main}
"} 
[2024-05-05 18:25:45] local.ERROR: syntax error, unexpected variable "$flag" {"exception":"[object] (ParseError(code: 0): syntax error, unexpected variable \"$flag\" at C:\\Estudos e projetos\\Laravel\\laravel-10-app\\app\\Console\\Commands\\SendEmail.php:109)
[stacktrace]
#0 C:\\Estudos e projetos\\Laravel\\laravel-10-app\\vendor\\composer\\ClassLoader.php(433): Composer\\Autoload\\{closure}('C:\\\\Estudos e pr...')
#1 [internal function]: Composer\\Autoload\\ClassLoader->loadClass('App\\\\Console\\\\Com...')
#2 C:\\Estudos e projetos\\Laravel\\laravel-10-app\\vendor\\laravel\\framework\\src\\Illuminate\\Foundation\\Console\\Kernel.php(369): is_subclass_of('App\\\\Console\\\\Com...', 'Illuminate\\\\Cons...')
#3 C:\\Estudos e projetos\\Laravel\\laravel-10-app\\vendor\\laravel\\framework\\src\\Illuminate\\Foundation\\Console\\Kernel.php(494): Illuminate\\Foundation\\Console\\Kernel->load(Array)
#4 C:\\Estudos e projetos\\Laravel\\laravel-10-app\\vendor\\laravel\\framework\\src\\Illuminate\\Foundation\\Console\\Kernel.php(479): Illuminate\\Foundation\\Console\\Kernel->discoverCommands()
#5 C:\\Estudos e projetos\\Laravel\\laravel-10-app\\vendor\\laravel\\framework\\src\\Illuminate\\Foundation\\Console\\Kernel.php(194): Illuminate\\Foundation\\Console\\Kernel->bootstrap()
#6 Command line code(1): Illuminate\\Foundation\\Console\\Kernel->handle(Object(Symfony\\Component\\Console\\Input\\ArgvInput), Object(Symfony\\Component\\Console\\Output\\ConsoleOutput))
#7 {main}
"} 
[2024-05-05 18:26:45] local.ERROR: syntax error, unexpected token "]" {"exception":"[object] (ParseError(code: 0): syntax error, unexpected token \"]\" at C:\\Estudos e projetos\\Laravel\\laravel-10-app\\app\\Console\\Commands\\SendEmail.php:111)
[stacktrace]
#0 C:\\Estudos e projetos\\Laravel\\laravel-10-app\\vendor\\composer\\ClassLoader.php(433): Composer\\Autoload\\{closure}('C:\\\\Estudos e pr...')
#1 [internal function]: Composer\\Autoload\\ClassLoader->loadClass('App\\\\Console\\\\Com...')
#2 C:\\Estudos e projetos\\Laravel\\laravel-10-app\\vendor\\laravel\\framework\\src\\Illuminate\\Foundation\\Console\\Kernel.php(369): is_subclass_of('App\\\\Console\\\\Com...', 'Illuminate\\\\Cons...')
#3 C:\\Estudos e projetos\\Laravel\\laravel-10-app\\vendor\\laravel\\framework\\src\\Illuminate\\Foundation\\Console\\Kernel.php(494): Illuminate\\Foundation\\Console\\Kernel->load(Array)
#4 C:\\Estudos e projetos\\Laravel\\laravel-10-app\\vendor\\laravel\\framework\\src\\Illuminate\\Foundation\\Console\\Kernel.php(479): Illuminate\\Foundation\\Console\\Kernel->discoverCommands()
#5 C:\\Estudos e projetos\\Laravel\\laravel-10-app\\vendor\\laravel\\framework\\src\\Illuminate\\Foundation\\Console\\Kernel.php(194): Illuminate\\Foundation\\Console\\Kernel->bootstrap()
#6 Command line code(1): Illuminate\\Foundation\\Console\\Kernel->handle(Object(Symfony\\Component\\Console\\Input\\ArgvInput), Object(Symfony\\Component\\Console\\Output\\ConsoleOutput))
#7 {main}
"} 
[2024-05-05 18:26:45] local.ERROR: syntax error, unexpected token "]" {"exception":"[object] (ParseError(code: 0): syntax error, unexpected token \"]\" at C:\\Estudos e projetos\\Laravel\\laravel-10-app\\app\\Console\\Commands\\SendEmail.php:111)
[stacktrace]
#0 C:\\Estudos e projetos\\Laravel\\laravel-10-app\\vendor\\composer\\ClassLoader.php(433): Composer\\Autoload\\{closure}('C:\\\\Estudos e pr...')
#1 [internal function]: Composer\\Autoload\\ClassLoader->loadClass('App\\\\Console\\\\Com...')
#2 C:\\Estudos e projetos\\Laravel\\laravel-10-app\\vendor\\laravel\\framework\\src\\Illuminate\\Foundation\\Console\\Kernel.php(369): is_subclass_of('App\\\\Console\\\\Com...', 'Illuminate\\\\Cons...')
#3 C:\\Estudos e projetos\\Laravel\\laravel-10-app\\vendor\\laravel\\framework\\src\\Illuminate\\Foundation\\Console\\Kernel.php(494): Illuminate\\Foundation\\Console\\Kernel->load(Array)
#4 C:\\Estudos e projetos\\Laravel\\laravel-10-app\\vendor\\laravel\\framework\\src\\Illuminate\\Foundation\\Console\\Kernel.php(479): Illuminate\\Foundation\\Console\\Kernel->discoverCommands()
#5 C:\\Estudos e projetos\\Laravel\\laravel-10-app\\vendor\\laravel\\framework\\src\\Illuminate\\Foundation\\Console\\Kernel.php(194): Illuminate\\Foundation\\Console\\Kernel->bootstrap()
#6 Command line code(1): Illuminate\\Foundation\\Console\\Kernel->handle(Object(Symfony\\Component\\Console\\Input\\ArgvInput), Object(Symfony\\Component\\Console\\Output\\ConsoleOutput))
#7 {main}
"} 
[2024-05-05 18:26:45] local.ERROR: syntax error, unexpected token "]" {"exception":"[object] (ParseError(code: 0): syntax error, unexpected token \"]\" at C:\\Estudos e projetos\\Laravel\\laravel-10-app\\app\\Console\\Commands\\SendEmail.php:111)
[stacktrace]
#0 C:\\Estudos e projetos\\Laravel\\laravel-10-app\\vendor\\composer\\ClassLoader.php(433): Composer\\Autoload\\{closure}('C:\\\\Estudos e pr...')
#1 [internal function]: Composer\\Autoload\\ClassLoader->loadClass('App\\\\Console\\\\Com...')
#2 C:\\Estudos e projetos\\Laravel\\laravel-10-app\\vendor\\laravel\\framework\\src\\Illuminate\\Foundation\\Console\\Kernel.php(369): is_subclass_of('App\\\\Console\\\\Com...', 'Illuminate\\\\Cons...')
#3 C:\\Estudos e projetos\\Laravel\\laravel-10-app\\vendor\\laravel\\framework\\src\\Illuminate\\Foundation\\Console\\Kernel.php(494): Illuminate\\Foundation\\Console\\Kernel->load(Array)
#4 C:\\Estudos e projetos\\Laravel\\laravel-10-app\\vendor\\laravel\\framework\\src\\Illuminate\\Foundation\\Console\\Kernel.php(479): Illuminate\\Foundation\\Console\\Kernel->discoverCommands()
#5 C:\\Estudos e projetos\\Laravel\\laravel-10-app\\vendor\\laravel\\framework\\src\\Illuminate\\Foundation\\Console\\Kernel.php(194): Illuminate\\Foundation\\Console\\Kernel->bootstrap()
#6 Command line code(1): Illuminate\\Foundation\\Console\\Kernel->handle(Object(Symfony\\Component\\Console\\Input\\ArgvInput), Object(Symfony\\Component\\Console\\Output\\ConsoleOutput))
#7 {main}
"} 
[2024-05-05 18:27:45] local.ERROR: Cannot use App\Models\Anuncio as Anuncio because the name is already in use {"exception":"[object] (Symfony\\Component\\ErrorHandler\\Error\\FatalError(code: 0): Cannot use App\\Models\\Anuncio as Anuncio because the name is already in use at C:\\Estudos e projetos\\Laravel\\laravel-10-app\\app\\Console\\Commands\\SendEmail.php:8)
[stacktrace]
#0 {main}
"} 
[2024-05-05 18:27:45] local.ERROR: Cannot use App\Models\Anuncio as Anuncio because the name is already in use {"exception":"[object] (Symfony\\Component\\ErrorHandler\\Error\\FatalError(code: 0): Cannot use App\\Models\\Anuncio as Anuncio because the name is already in use at C:\\Estudos e projetos\\Laravel\\laravel-10-app\\app\\Console\\Commands\\SendEmail.php:8)
[stacktrace]
#0 {main}
"} 
[2024-05-05 18:28:45] local.ERROR: Cannot use App\Models\Anuncio as Anuncio because the name is already in use {"exception":"[object] (Symfony\\Component\\ErrorHandler\\Error\\FatalError(code: 0): Cannot use App\\Models\\Anuncio as Anuncio because the name is already in use at C:\\Estudos e projetos\\Laravel\\laravel-10-app\\app\\Console\\Commands\\SendEmail.php:8)
[stacktrace]
#0 {main}
"} 
[2024-05-05 18:28:45] local.ERROR: Cannot use App\Models\Anuncio as Anuncio because the name is already in use {"exception":"[object] (Symfony\\Component\\ErrorHandler\\Error\\FatalError(code: 0): Cannot use App\\Models\\Anuncio as Anuncio because the name is already in use at C:\\Estudos e projetos\\Laravel\\laravel-10-app\\app\\Console\\Commands\\SendEmail.php:8)
[stacktrace]
#0 {main}
"} 
[2024-05-05 18:29:45] local.ERROR: Cannot use App\Models\Anuncio as Anuncio because the name is already in use {"exception":"[object] (Symfony\\Component\\ErrorHandler\\Error\\FatalError(code: 0): Cannot use App\\Models\\Anuncio as Anuncio because the name is already in use at C:\\Estudos e projetos\\Laravel\\laravel-10-app\\app\\Console\\Commands\\SendEmail.php:8)
[stacktrace]
#0 {main}
"} 
[2024-05-05 18:29:45] local.ERROR: Cannot use App\Models\Anuncio as Anuncio because the name is already in use {"exception":"[object] (Symfony\\Component\\ErrorHandler\\Error\\FatalError(code: 0): Cannot use App\\Models\\Anuncio as Anuncio because the name is already in use at C:\\Estudos e projetos\\Laravel\\laravel-10-app\\app\\Console\\Commands\\SendEmail.php:8)
[stacktrace]
#0 {main}
"} 
[2024-05-05 18:30:59] local.ERROR: Illuminate\Database\Grammar::parameterize(): Argument #1 ($values) must be of type array, int given, called in C:\Estudos e projetos\Laravel\laravel-10-app\vendor\laravel\framework\src\Illuminate\Database\Query\Grammars\Grammar.php on line 1131 {"exception":"[object] (TypeError(code: 0): Illuminate\\Database\\Grammar::parameterize(): Argument #1 ($values) must be of type array, int given, called in C:\\Estudos e projetos\\Laravel\\laravel-10-app\\vendor\\laravel\\framework\\src\\Illuminate\\Database\\Query\\Grammars\\Grammar.php on line 1131 at C:\\Estudos e projetos\\Laravel\\laravel-10-app\\vendor\\laravel\\framework\\src\\Illuminate\\Database\\Grammar.php:197)
[stacktrace]
#0 C:\\Estudos e projetos\\Laravel\\laravel-10-app\\vendor\\laravel\\framework\\src\\Illuminate\\Database\\Query\\Grammars\\Grammar.php(1131): Illuminate\\Database\\Grammar->parameterize(1)
#1 [internal function]: Illuminate\\Database\\Query\\Grammars\\Grammar->Illuminate\\Database\\Query\\Grammars\\{closure}(1, 'id_customer')
#2 C:\\Estudos e projetos\\Laravel\\laravel-10-app\\vendor\\laravel\\framework\\src\\Illuminate\\Collections\\Arr.php(605): array_map(Object(Closure), Array, Array)
#3 C:\\Estudos e projetos\\Laravel\\laravel-10-app\\vendor\\laravel\\framework\\src\\Illuminate\\Collections\\Collection.php(777): Illuminate\\Support\\Arr::map(Array, Object(Closure))
#4 C:\\Estudos e projetos\\Laravel\\laravel-10-app\\vendor\\laravel\\framework\\src\\Illuminate\\Database\\Query\\Grammars\\Grammar.php(1130): Illuminate\\Support\\Collection->map(Object(Closure))
#5 C:\\Estudos e projetos\\Laravel\\laravel-10-app\\vendor\\laravel\\framework\\src\\Illuminate\\Database\\Query\\Grammars\\MySqlGrammar.php(292): Illuminate\\Database\\Query\\Grammars\\Grammar->compileInsert(Object(Illuminate\\Database\\Query\\Builder), Array)
#6 C:\\Estudos e projetos\\Laravel\\laravel-10-app\\vendor\\laravel\\framework\\src\\Illuminate\\Database\\Query\\Grammars\\Grammar.php(1161): Illuminate\\Database\\Query\\Grammars\\MySqlGrammar->compileInsert(Object(Illuminate\\Database\\Query\\Builder), Array)
#7 C:\\Estudos e projetos\\Laravel\\laravel-10-app\\vendor\\laravel\\framework\\src\\Illuminate\\Database\\Query\\Builder.php(3596): Illuminate\\Database\\Query\\Grammars\\Grammar->compileInsertGetId(Object(Illuminate\\Database\\Query\\Builder), Array, 'id')
#8 C:\\Estudos e projetos\\Laravel\\laravel-10-app\\vendor\\laravel\\framework\\src\\Illuminate\\Database\\Eloquent\\Builder.php(2026): Illuminate\\Database\\Query\\Builder->insertGetId(Array, 'id')
#9 C:\\Estudos e projetos\\Laravel\\laravel-10-app\\vendor\\laravel\\framework\\src\\Illuminate\\Database\\Eloquent\\Model.php(1338): Illuminate\\Database\\Eloquent\\Builder->__call('insertGetId', Array)
#10 C:\\Estudos e projetos\\Laravel\\laravel-10-app\\vendor\\laravel\\framework\\src\\Illuminate\\Database\\Eloquent\\Model.php(1303): Illuminate\\Database\\Eloquent\\Model->insertAndSetId(Object(Illuminate\\Database\\Eloquent\\Builder), Array)
#11 C:\\Estudos e projetos\\Laravel\\laravel-10-app\\vendor\\laravel\\framework\\src\\Illuminate\\Database\\Eloquent\\Model.php(1142): Illuminate\\Database\\Eloquent\\Model->performInsert(Object(Illuminate\\Database\\Eloquent\\Builder))
#12 C:\\Estudos e projetos\\Laravel\\laravel-10-app\\vendor\\laravel\\framework\\src\\Illuminate\\Database\\Eloquent\\Builder.php(1069): Illuminate\\Database\\Eloquent\\Model->save()
#13 C:\\Estudos e projetos\\Laravel\\laravel-10-app\\vendor\\laravel\\framework\\src\\Illuminate\\Support\\helpers.php(359): Illuminate\\Database\\Eloquent\\Builder->Illuminate\\Database\\Eloquent\\{closure}(Object(App\\Models\\Anuncio))
#14 C:\\Estudos e projetos\\Laravel\\laravel-10-app\\vendor\\laravel\\framework\\src\\Illuminate\\Database\\Eloquent\\Builder.php(1068): tap(Object(App\\Models\\Anuncio), Object(Closure))
#15 C:\\Estudos e projetos\\Laravel\\laravel-10-app\\vendor\\laravel\\framework\\src\\Illuminate\\Database\\Eloquent\\Builder.php(593): Illuminate\\Database\\Eloquent\\Builder->create(Array)
#16 C:\\Estudos e projetos\\Laravel\\laravel-10-app\\vendor\\laravel\\framework\\src\\Illuminate\\Database\\Eloquent\\Builder.php(1772): Illuminate\\Database\\Eloquent\\Builder->Illuminate\\Database\\Eloquent\\{closure}()
#17 C:\\Estudos e projetos\\Laravel\\laravel-10-app\\vendor\\laravel\\framework\\src\\Illuminate\\Database\\Eloquent\\Builder.php(593): Illuminate\\Database\\Eloquent\\Builder->withSavepointIfNeeded(Object(Closure))
#18 C:\\Estudos e projetos\\Laravel\\laravel-10-app\\vendor\\laravel\\framework\\src\\Illuminate\\Database\\Eloquent\\Builder.php(580): Illuminate\\Database\\Eloquent\\Builder->createOrFirst(Array, Array)
#19 C:\\Estudos e projetos\\Laravel\\laravel-10-app\\vendor\\laravel\\framework\\src\\Illuminate\\Database\\Eloquent\\Builder.php(608): Illuminate\\Database\\Eloquent\\Builder->firstOrCreate(Array, Array)
#20 C:\\Estudos e projetos\\Laravel\\laravel-10-app\\vendor\\laravel\\framework\\src\\Illuminate\\Support\\Traits\\ForwardsCalls.php(23): Illuminate\\Database\\Eloquent\\Builder->updateOrCreate(Array, Array)
#21 C:\\Estudos e projetos\\Laravel\\laravel-10-app\\vendor\\laravel\\framework\\src\\Illuminate\\Database\\Eloquent\\Model.php(2340): Illuminate\\Database\\Eloquent\\Model->forwardCallTo(Object(Illuminate\\Database\\Eloquent\\Builder), 'updateOrCreate', Array)
#22 C:\\Estudos e projetos\\Laravel\\laravel-10-app\\vendor\\laravel\\framework\\src\\Illuminate\\Database\\Eloquent\\Model.php(2352): Illuminate\\Database\\Eloquent\\Model->__call('updateOrCreate', Array)
#23 C:\\Estudos e projetos\\Laravel\\laravel-10-app\\app\\Console\\Commands\\SendEmail.php(107): Illuminate\\Database\\Eloquent\\Model::__callStatic('updateOrCreate', Array)
#24 C:\\Estudos e projetos\\Laravel\\laravel-10-app\\vendor\\laravel\\framework\\src\\Illuminate\\Container\\BoundMethod.php(36): App\\Console\\Commands\\SendEmail->handle()
#25 C:\\Estudos e projetos\\Laravel\\laravel-10-app\\vendor\\laravel\\framework\\src\\Illuminate\\Container\\Util.php(41): Illuminate\\Container\\BoundMethod::Illuminate\\Container\\{closure}()
#26 C:\\Estudos e projetos\\Laravel\\laravel-10-app\\vendor\\laravel\\framework\\src\\Illuminate\\Container\\BoundMethod.php(93): Illuminate\\Container\\Util::unwrapIfClosure(Object(Closure))
#27 C:\\Estudos e projetos\\Laravel\\laravel-10-app\\vendor\\laravel\\framework\\src\\Illuminate\\Container\\BoundMethod.php(35): Illuminate\\Container\\BoundMethod::callBoundMethod(Object(Illuminate\\Foundation\\Application), Array, Object(Closure))
#28 C:\\Estudos e projetos\\Laravel\\laravel-10-app\\vendor\\laravel\\framework\\src\\Illuminate\\Container\\Container.php(662): Illuminate\\Container\\BoundMethod::call(Object(Illuminate\\Foundation\\Application), Array, Array, NULL)
#29 C:\\Estudos e projetos\\Laravel\\laravel-10-app\\vendor\\laravel\\framework\\src\\Illuminate\\Console\\Command.php(212): Illuminate\\Container\\Container->call(Array)
#30 C:\\Estudos e projetos\\Laravel\\laravel-10-app\\vendor\\symfony\\console\\Command\\Command.php(279): Illuminate\\Console\\Command->execute(Object(Symfony\\Component\\Console\\Input\\ArgvInput), Object(Illuminate\\Console\\OutputStyle))
#31 C:\\Estudos e projetos\\Laravel\\laravel-10-app\\vendor\\laravel\\framework\\src\\Illuminate\\Console\\Command.php(181): Symfony\\Component\\Console\\Command\\Command->run(Object(Symfony\\Component\\Console\\Input\\ArgvInput), Object(Illuminate\\Console\\OutputStyle))
#32 C:\\Estudos e projetos\\Laravel\\laravel-10-app\\vendor\\symfony\\console\\Application.php(1049): Illuminate\\Console\\Command->run(Object(Symfony\\Component\\Console\\Input\\ArgvInput), Object(Symfony\\Component\\Console\\Output\\ConsoleOutput))
#33 C:\\Estudos e projetos\\Laravel\\laravel-10-app\\vendor\\symfony\\console\\Application.php(318): Symfony\\Component\\Console\\Application->doRunCommand(Object(App\\Console\\Commands\\SendEmail), Object(Symfony\\Component\\Console\\Input\\ArgvInput), Object(Symfony\\Component\\Console\\Output\\ConsoleOutput))
#34 C:\\Estudos e projetos\\Laravel\\laravel-10-app\\vendor\\symfony\\console\\Application.php(169): Symfony\\Component\\Console\\Application->doRun(Object(Symfony\\Component\\Console\\Input\\ArgvInput), Object(Symfony\\Component\\Console\\Output\\ConsoleOutput))
#35 C:\\Estudos e projetos\\Laravel\\laravel-10-app\\vendor\\laravel\\framework\\src\\Illuminate\\Foundation\\Console\\Kernel.php(196): Symfony\\Component\\Console\\Application->run(Object(Symfony\\Component\\Console\\Input\\ArgvInput), Object(Symfony\\Component\\Console\\Output\\ConsoleOutput))
#36 C:\\Estudos e projetos\\Laravel\\laravel-10-app\\vendor\\laravel\\framework\\src\\Illuminate\\Foundation\\Application.php(1183): Illuminate\\Foundation\\Console\\Kernel->handle(Object(Symfony\\Component\\Console\\Input\\ArgvInput), Object(Symfony\\Component\\Console\\Output\\ConsoleOutput))
#37 C:\\Estudos e projetos\\Laravel\\laravel-10-app\\artisan(13): Illuminate\\Foundation\\Application->handleCommand(Object(Symfony\\Component\\Console\\Input\\ArgvInput))
#38 {main}
"} 
[2024-05-05 18:32:56] local.INFO: {"messaging_product":"whatsapp","contacts":[{"input":"556299297031","wa_id":"556299297031"}],"messages":[{"id":"wamid.HBgMNTU2Mjk5Mjk3MDMxFQIAERgSOUVEMEVGQTQ1NTdCRDJBQjE3AA=="}]}  
[2024-05-05 18:32:58] local.INFO: {"messaging_product":"whatsapp","contacts":[{"input":"556296646164","wa_id":"556296646164"}],"messages":[{"id":"wamid.HBgMNTU2Mjk2NjQ2MTY0FQIAERgSODQyQUQzQ0VCQUEyRkMzOTE4AA=="}]}  
[2024-05-05 18:32:59] local.INFO: {"messaging_product":"whatsapp","contacts":[{"input":"556294123173","wa_id":"556294123173"}],"messages":[{"id":"wamid.HBgMNTU2Mjk0MTIzMTczFQIAERgSRkVERTJGRkY3Njk5OTk4RjkzAA=="}]}  
[2024-05-05 18:37:27] local.INFO: {"messaging_product":"whatsapp","contacts":[{"input":"556299297031","wa_id":"556299297031"}],"messages":[{"id":"wamid.HBgMNTU2Mjk5Mjk3MDMxFQIAERgSMjdEQ0Q5NkNDNTcyQjk0Q0ExAA=="}]}  
[2024-05-05 18:37:28] local.INFO: {"messaging_product":"whatsapp","contacts":[{"input":"556296646164","wa_id":"556296646164"}],"messages":[{"id":"wamid.HBgMNTU2Mjk2NjQ2MTY0FQIAERgSMUQzQTU0MEY2NzlDQUIxRUVGAA=="}]}  
[2024-05-05 18:37:30] local.INFO: {"messaging_product":"whatsapp","contacts":[{"input":"556294123173","wa_id":"556294123173"}],"messages":[{"id":"wamid.HBgMNTU2Mjk0MTIzMTczFQIAERgSQ0E3RTAzMTM2M0JENUQxQjE5AA=="}]}  
[2024-05-05 18:38:28] local.INFO: {"messaging_product":"whatsapp","contacts":[{"input":"556299297031","wa_id":"556299297031"}],"messages":[{"id":"wamid.HBgMNTU2Mjk5Mjk3MDMxFQIAERgSNjMyMEY5MkVFOTJBODM4MTI4AA=="}]}  
[2024-05-05 18:38:29] local.INFO: {"messaging_product":"whatsapp","contacts":[{"input":"556296646164","wa_id":"556296646164"}],"messages":[{"id":"wamid.HBgMNTU2Mjk2NjQ2MTY0FQIAERgSQTgzRTEyRjAyOTZGN0JGODBEAA=="}]}  
[2024-05-05 18:38:30] local.INFO: {"messaging_product":"whatsapp","contacts":[{"input":"556294123173","wa_id":"556294123173"}],"messages":[{"id":"wamid.HBgMNTU2Mjk0MTIzMTczFQIAERgSOTAyQzI5NDM2RDFDMEMyMEQ4AA=="}]}  
[2024-05-06 08:58:17] local.INFO: {"messaging_product":"whatsapp","contacts":[{"input":"556299297031","wa_id":"556299297031"}],"messages":[{"id":"wamid.HBgMNTU2Mjk5Mjk3MDMxFQIAERgSRjlDRUJFNDc5RjgyQTRCREEyAA=="}]}  
[2024-05-06 08:58:19] local.INFO: {"messaging_product":"whatsapp","contacts":[{"input":"556296646164","wa_id":"556296646164"}],"messages":[{"id":"wamid.HBgMNTU2Mjk2NjQ2MTY0FQIAERgSOEExNDQ4MEM1NTExRkRDNjJBAA=="}]}  
[2024-05-06 08:58:20] local.INFO: {"messaging_product":"whatsapp","contacts":[{"input":"556294123173","wa_id":"556294123173"}],"messages":[{"id":"wamid.HBgMNTU2Mjk0MTIzMTczFQIAERgSQjVEMUU4RURGQ0M4NjVFQTAyAA=="}]}  
[2024-05-06 21:26:03] local.ERROR: syntax error, unexpected variable "$insightsDB" {"exception":"[object] (ParseError(code: 0): syntax error, unexpected variable \"$insightsDB\" at C:\\Estudos e projetos\\Laravel\\laravel-10-app\\app\\Console\\Commands\\SendEmail.php:110)
[stacktrace]
#0 C:\\Estudos e projetos\\Laravel\\laravel-10-app\\vendor\\composer\\ClassLoader.php(433): Composer\\Autoload\\{closure}('C:\\\\Estudos e pr...')
#1 [internal function]: Composer\\Autoload\\ClassLoader->loadClass('App\\\\Console\\\\Com...')
#2 C:\\Estudos e projetos\\Laravel\\laravel-10-app\\vendor\\laravel\\framework\\src\\Illuminate\\Foundation\\Console\\Kernel.php(369): is_subclass_of('App\\\\Console\\\\Com...', 'Illuminate\\\\Cons...')
#3 C:\\Estudos e projetos\\Laravel\\laravel-10-app\\vendor\\laravel\\framework\\src\\Illuminate\\Foundation\\Console\\Kernel.php(494): Illuminate\\Foundation\\Console\\Kernel->load(Array)
#4 C:\\Estudos e projetos\\Laravel\\laravel-10-app\\vendor\\laravel\\framework\\src\\Illuminate\\Foundation\\Console\\Kernel.php(479): Illuminate\\Foundation\\Console\\Kernel->discoverCommands()
#5 C:\\Estudos e projetos\\Laravel\\laravel-10-app\\vendor\\laravel\\framework\\src\\Illuminate\\Foundation\\Console\\Kernel.php(194): Illuminate\\Foundation\\Console\\Kernel->bootstrap()
#6 Command line code(1): Illuminate\\Foundation\\Console\\Kernel->handle(Object(Symfony\\Component\\Console\\Input\\ArgvInput), Object(Symfony\\Component\\Console\\Output\\ConsoleOutput))
#7 {main}
"} 
[2024-05-06 21:26:03] local.ERROR: syntax error, unexpected variable "$insightsDB" {"exception":"[object] (ParseError(code: 0): syntax error, unexpected variable \"$insightsDB\" at C:\\Estudos e projetos\\Laravel\\laravel-10-app\\app\\Console\\Commands\\SendEmail.php:110)
[stacktrace]
#0 C:\\Estudos e projetos\\Laravel\\laravel-10-app\\vendor\\composer\\ClassLoader.php(433): Composer\\Autoload\\{closure}('C:\\\\Estudos e pr...')
#1 [internal function]: Composer\\Autoload\\ClassLoader->loadClass('App\\\\Console\\\\Com...')
#2 C:\\Estudos e projetos\\Laravel\\laravel-10-app\\vendor\\laravel\\framework\\src\\Illuminate\\Foundation\\Console\\Kernel.php(369): is_subclass_of('App\\\\Console\\\\Com...', 'Illuminate\\\\Cons...')
#3 C:\\Estudos e projetos\\Laravel\\laravel-10-app\\vendor\\laravel\\framework\\src\\Illuminate\\Foundation\\Console\\Kernel.php(494): Illuminate\\Foundation\\Console\\Kernel->load(Array)
#4 C:\\Estudos e projetos\\Laravel\\laravel-10-app\\vendor\\laravel\\framework\\src\\Illuminate\\Foundation\\Console\\Kernel.php(479): Illuminate\\Foundation\\Console\\Kernel->discoverCommands()
#5 C:\\Estudos e projetos\\Laravel\\laravel-10-app\\vendor\\laravel\\framework\\src\\Illuminate\\Foundation\\Console\\Kernel.php(194): Illuminate\\Foundation\\Console\\Kernel->bootstrap()
#6 Command line code(1): Illuminate\\Foundation\\Console\\Kernel->handle(Object(Symfony\\Component\\Console\\Input\\ArgvInput), Object(Symfony\\Component\\Console\\Output\\ConsoleOutput))
#7 {main}
"} 
[2024-05-06 21:29:03] local.ERROR: syntax error, unexpected token "]" {"exception":"[object] (ParseError(code: 0): syntax error, unexpected token \"]\" at C:\\Estudos e projetos\\Laravel\\laravel-10-app\\app\\Console\\Commands\\SendEmail.php:114)
[stacktrace]
#0 C:\\Estudos e projetos\\Laravel\\laravel-10-app\\vendor\\composer\\ClassLoader.php(433): Composer\\Autoload\\{closure}('C:\\\\Estudos e pr...')
#1 [internal function]: Composer\\Autoload\\ClassLoader->loadClass('App\\\\Console\\\\Com...')
#2 C:\\Estudos e projetos\\Laravel\\laravel-10-app\\vendor\\laravel\\framework\\src\\Illuminate\\Foundation\\Console\\Kernel.php(369): is_subclass_of('App\\\\Console\\\\Com...', 'Illuminate\\\\Cons...')
#3 C:\\Estudos e projetos\\Laravel\\laravel-10-app\\vendor\\laravel\\framework\\src\\Illuminate\\Foundation\\Console\\Kernel.php(494): Illuminate\\Foundation\\Console\\Kernel->load(Array)
#4 C:\\Estudos e projetos\\Laravel\\laravel-10-app\\vendor\\laravel\\framework\\src\\Illuminate\\Foundation\\Console\\Kernel.php(479): Illuminate\\Foundation\\Console\\Kernel->discoverCommands()
#5 C:\\Estudos e projetos\\Laravel\\laravel-10-app\\vendor\\laravel\\framework\\src\\Illuminate\\Foundation\\Console\\Kernel.php(194): Illuminate\\Foundation\\Console\\Kernel->bootstrap()
#6 Command line code(1): Illuminate\\Foundation\\Console\\Kernel->handle(Object(Symfony\\Component\\Console\\Input\\ArgvInput), Object(Symfony\\Component\\Console\\Output\\ConsoleOutput))
#7 {main}
"} 
[2024-05-06 21:29:50] local.INFO: {"messaging_product":"whatsapp","contacts":[{"input":"556299297031","wa_id":"556299297031"}],"messages":[{"id":"wamid.HBgMNTU2Mjk5Mjk3MDMxFQIAERgSNDMyRjc4MUZCMDg1MkM1RDIwAA=="}]}  
[2024-05-06 21:29:52] local.INFO: {"messaging_product":"whatsapp","contacts":[{"input":"556296646164","wa_id":"556296646164"}],"messages":[{"id":"wamid.HBgMNTU2Mjk2NjQ2MTY0FQIAERgSOTNFQTFCN0FDNzNDRTI5QTU0AA=="}]}  
[2024-05-06 21:29:53] local.INFO: {"messaging_product":"whatsapp","contacts":[{"input":"556294123173","wa_id":"556294123173"}],"messages":[{"id":"wamid.HBgMNTU2Mjk0MTIzMTczFQIAERgSNjYzNDIyMDc0Nzc4OTBENzUxAA=="}]}  
[2024-05-06 21:32:43] local.INFO: {"messaging_product":"whatsapp","contacts":[{"input":"556299297031","wa_id":"556299297031"}],"messages":[{"id":"wamid.HBgMNTU2Mjk5Mjk3MDMxFQIAERgSQjI2Qzg4Q0JFQjkxOTBFOEM4AA=="}]}  
[2024-05-06 21:32:44] local.INFO: {"messaging_product":"whatsapp","contacts":[{"input":"556296646164","wa_id":"556296646164"}],"messages":[{"id":"wamid.HBgMNTU2Mjk2NjQ2MTY0FQIAERgSRkFBMjZEMDU2OEU4OEMxN0QxAA=="}]}  
[2024-05-06 21:32:46] local.INFO: {"messaging_product":"whatsapp","contacts":[{"input":"556294123173","wa_id":"556294123173"}],"messages":[{"id":"wamid.HBgMNTU2Mjk0MTIzMTczFQIAERgSMjAyNDY1QTM1ODE5RTlGMjkyAA=="}]}  
[2024-05-06 21:33:38] local.INFO: {"messaging_product":"whatsapp","contacts":[{"input":"556299297031","wa_id":"556299297031"}],"messages":[{"id":"wamid.HBgMNTU2Mjk5Mjk3MDMxFQIAERgSMjNCQTQ0RDNFRTk5N0NBQjBFAA=="}]}  
[2024-05-06 21:33:39] local.INFO: {"messaging_product":"whatsapp","contacts":[{"input":"556296646164","wa_id":"556296646164"}],"messages":[{"id":"wamid.HBgMNTU2Mjk2NjQ2MTY0FQIAERgSQzg2NjlBODdEMjA0QjVFRDM2AA=="}]}  
[2024-05-06 21:33:40] local.INFO: {"messaging_product":"whatsapp","contacts":[{"input":"556294123173","wa_id":"556294123173"}],"messages":[{"id":"wamid.HBgMNTU2Mjk0MTIzMTczFQIAERgSMzZFNTQwMjcyNUI0NTY2MUNGAA=="}]}  
[2024-05-06 21:50:37] local.INFO: {"messaging_product":"whatsapp","contacts":[{"input":"556299297031","wa_id":"556299297031"}],"messages":[{"id":"wamid.HBgMNTU2Mjk5Mjk3MDMxFQIAERgSMDFDREM2OEE0QTU2RTlBQjNCAA=="}]}  
[2024-05-06 21:50:39] local.INFO: {"messaging_product":"whatsapp","contacts":[{"input":"556296646164","wa_id":"556296646164"}],"messages":[{"id":"wamid.HBgMNTU2Mjk2NjQ2MTY0FQIAERgSQjQ1REZCQjZBMkUwRTg1MEYxAA=="}]}  
[2024-05-06 21:50:40] local.INFO: {"messaging_product":"whatsapp","contacts":[{"input":"556294123173","wa_id":"556294123173"}],"messages":[{"id":"wamid.HBgMNTU2Mjk0MTIzMTczFQIAERgSRjFBRkRBMUVBODIyQTM0Qjk2AA=="}]}  
