[2024-05-01 15:35:40] local.INFO: Mensagem enviada via WhatsApp para ADM Imoveis em 2024-05-01 15:35:40
  
[2024-05-01 15:35:42] local.INFO: Mensagem enviada via WhatsApp para Anjo Azul Corretora de Seguros em 2024-05-01 15:35:42
  
[2024-05-01 15:35:42] local.INFO: Sem dados para o cliente Patrono Barber Shop  
[2024-05-01 15:35:43] local.INFO: Mensagem enviada via WhatsApp para Clinica Bel Viso em 2024-05-01 15:35:43
  
[2024-05-01 15:35:43] local.INFO: Sem dados para o cliente Adversa Marketing Digital  
[2024-05-01 15:36:59] local.INFO: Mensagem enviada via WhatsApp para ADM Imoveis em 2024-05-01 15:36:59
  
[2024-05-01 15:37:03] local.INFO: Mensagem enviada via WhatsApp para Anjo Azul Corretora de Seguros em 2024-05-01 15:37:03
  
[2024-05-01 15:37:03] local.INFO: Sem dados para o cliente Patrono Barber Shop  
[2024-05-01 15:37:04] local.INFO: Mensagem enviada via WhatsApp para Clinica Bel Viso em 2024-05-01 15:37:04
  
[2024-05-01 15:37:04] local.INFO: Sem dados para o cliente Adversa Marketing Digital  
[2024-05-02 22:50:54] local.INFO: Mensagem enviada via WhatsApp para ADM Imoveis em 2024-05-02 22:50:54
  
[2024-05-02 22:50:56] local.INFO: Mensagem enviada via WhatsApp para Anjo Azul Corretora de Seguros em 2024-05-02 22:50:56
  
[2024-05-02 22:50:56] local.INFO: Sem dados para o cliente Patrono Barber Shop  
[2024-05-02 22:50:58] local.INFO: Mensagem enviada via WhatsApp para Clinica Bel Viso em 2024-05-02 22:50:58
  
[2024-05-02 22:50:58] local.INFO: Sem dados para o cliente Adversa Marketing Digital  
[2024-05-05 18:32:56] local.INFO: Mensagem enviada via WhatsApp para ADM Imoveis em 2024-05-05 18:32:56
  
[2024-05-05 18:32:58] local.INFO: Mensagem enviada via WhatsApp para Anjo Azul Corretora de Seguros em 2024-05-05 18:32:58
  
[2024-05-05 18:32:58] local.INFO: Sem dados para o cliente Patrono Barber Shop  
[2024-05-05 18:32:59] local.INFO: Data[] para o clienteClinica Bel Viso ID:act_915616683620746  
[2024-05-05 18:32:59] local.INFO: Mensagem enviada via WhatsApp para Clinica Bel Viso em 2024-05-05 18:32:59
  
[2024-05-05 18:32:59] local.INFO: Sem dados para o cliente Adversa Marketing Digital  
[2024-05-05 18:37:27] local.INFO: Mensagem enviada via WhatsApp para ADM Imoveis em 2024-05-05 18:37:27
  
[2024-05-05 18:37:28] local.INFO: Mensagem enviada via WhatsApp para Anjo Azul Corretora de Seguros em 2024-05-05 18:37:28
  
[2024-05-05 18:37:28] local.INFO: Sem dados para o cliente Patrono Barber Shop  
[2024-05-05 18:37:29] local.INFO: Data[] para o clienteClinica Bel Viso ID:act_915616683620746  
[2024-05-05 18:37:30] local.INFO: Mensagem enviada via WhatsApp para Clinica Bel Viso em 2024-05-05 18:37:30
  
[2024-05-05 18:37:30] local.INFO: Sem dados para o cliente Adversa Marketing Digital  
[2024-05-05 18:38:28] local.INFO: Mensagem enviada via WhatsApp para ADM Imoveis em 2024-05-05 18:38:28
  
[2024-05-05 18:38:29] local.INFO: Mensagem enviada via WhatsApp para Anjo Azul Corretora de Seguros em 2024-05-05 18:38:29
  
[2024-05-05 18:38:29] local.INFO: Sem dados para o cliente Patrono Barber Shop  
[2024-05-05 18:38:30] local.INFO: Data[] para o clienteClinica Bel Viso ID:act_915616683620746  
[2024-05-05 18:38:30] local.INFO: Mensagem enviada via WhatsApp para Clinica Bel Viso em 2024-05-05 18:38:30
  
[2024-05-05 18:38:30] local.INFO: Sem dados para o cliente Adversa Marketing Digital  
[2024-05-06 08:58:17] local.INFO: Mensagem enviada via WhatsApp para ADM Imoveis em 2024-05-06 08:58:17
  
[2024-05-06 08:58:19] local.INFO: Mensagem enviada via WhatsApp para Anjo Azul Corretora de Seguros em 2024-05-06 08:58:19
  
[2024-05-06 08:58:19] local.INFO: Sem dados para o cliente Patrono Barber Shop  
[2024-05-06 08:58:19] local.INFO: Data[] para o clienteClinica Bel Viso ID:act_915616683620746  
[2024-05-06 08:58:20] local.INFO: Mensagem enviada via WhatsApp para Clinica Bel Viso em 2024-05-06 08:58:20
  
[2024-05-06 08:58:20] local.INFO: Sem dados para o cliente Adversa Marketing Digital  
[2024-05-06 21:29:50] local.INFO: Mensagem enviada via WhatsApp para ADM Imoveis em 2024-05-06 21:29:50
  
[2024-05-06 21:29:52] local.INFO: Mensagem enviada via WhatsApp para Anjo Azul Corretora de Seguros em 2024-05-06 21:29:52
  
[2024-05-06 21:29:52] local.INFO: Sem dados para o cliente Patrono Barber Shop  
[2024-05-06 21:29:52] local.INFO: Data[] para o clienteClinica Bel Viso ID:act_915616683620746  
[2024-05-06 21:29:53] local.INFO: Mensagem enviada via WhatsApp para Clinica Bel Viso em 2024-05-06 21:29:53
  
[2024-05-06 21:29:53] local.INFO: Sem dados para o cliente Adversa Marketing Digital  
[2024-05-06 21:32:43] local.INFO: Mensagem enviada via WhatsApp para ADM Imoveis em 2024-05-06 21:32:43
  
[2024-05-06 21:32:44] local.INFO: Mensagem enviada via WhatsApp para Anjo Azul Corretora de Seguros em 2024-05-06 21:32:44
  
[2024-05-06 21:32:44] local.INFO: Sem dados para o cliente Patrono Barber Shop  
[2024-05-06 21:32:45] local.INFO: Data[] para o clienteClinica Bel Viso ID:act_915616683620746  
[2024-05-06 21:32:46] local.INFO: Mensagem enviada via WhatsApp para Clinica Bel Viso em 2024-05-06 21:32:46
  
[2024-05-06 21:32:46] local.INFO: Sem dados para o cliente Adversa Marketing Digital  
[2024-05-06 21:33:38] local.INFO: Mensagem enviada via WhatsApp para ADM Imoveis em 2024-05-06 21:33:38
  
[2024-05-06 21:33:39] local.INFO: Mensagem enviada via WhatsApp para Anjo Azul Corretora de Seguros em 2024-05-06 21:33:39
  
[2024-05-06 21:33:39] local.INFO: Sem dados para o cliente Patrono Barber Shop  
[2024-05-06 21:33:40] local.INFO: Data[] para o clienteClinica Bel Viso ID:act_915616683620746  
[2024-05-06 21:33:40] local.INFO: Mensagem enviada via WhatsApp para Clinica Bel Viso em 2024-05-06 21:33:40
  
[2024-05-06 21:33:40] local.INFO: Sem dados para o cliente Adversa Marketing Digital  
[2024-05-06 21:50:37] local.INFO: Mensagem enviada via WhatsApp para ADM Imoveis em 2024-05-06 21:50:37
  
[2024-05-06 21:50:39] local.INFO: Mensagem enviada via WhatsApp para Anjo Azul Corretora de Seguros em 2024-05-06 21:50:39
  
[2024-05-06 21:50:39] local.INFO: Sem dados para o cliente Patrono Barber Shop  
[2024-05-06 21:50:39] local.INFO: Data[] para o clienteClinica Bel Viso ID:act_915616683620746  
[2024-05-06 21:50:40] local.INFO: Mensagem enviada via WhatsApp para Clinica Bel Viso em 2024-05-06 21:50:40
  
[2024-05-06 21:50:40] local.INFO: Sem dados para o cliente Adversa Marketing Digital  
